2019:07:18 12:10:23.626 INFO  : org.springframework.boot.StartupInfoLogger : Starting AuthApplication on DESKTOP-VJ7PMMN with PID 9824 (C:\workspace\bioemr-auth\target\classes started by xanit in C:\workspace\bioemr-auth) 
2019:07:18 12:10:23.634 INFO  : org.springframework.boot.SpringApplication : The following profiles are active: local 
2019:07:18 12:10:23.730 INFO  : org.springframework.context.support.AbstractApplicationContext : Refreshing org.springframework.boot.context.embedded.AnnotationConfigEmbeddedWebApplicationContext@3ce1e309: startup date [Thu Jul 18 12:10:23 KST 2019]; root of context hierarchy 
2019:07:18 12:10:23.916 INFO  : org.hibernate.validator.internal.util.Version : HV000001: Hibernate Validator 5.3.6.Final 
2019:07:18 12:10:25.541 INFO  : org.springframework.beans.factory.support.DefaultListableBeanFactory : Overriding bean definition for bean 'httpRequestHandlerAdapter' with a different definition: replacing [Root bean: class [null]; scope=; abstract=false; lazyInit=false; autowireMode=3; dependencyCheck=0; autowireCandidate=true; primary=false; factoryBeanName=org.springframework.boot.autoconfigure.web.WebMvcAutoConfiguration$EnableWebMvcConfiguration; factoryMethodName=httpRequestHandlerAdapter; initMethodName=null; destroyMethodName=(inferred); defined in class path resource [org/springframework/boot/autoconfigure/web/WebMvcAutoConfiguration$EnableWebMvcConfiguration.class]] with [Root bean: class [null]; scope=; abstract=false; lazyInit=false; autowireMode=3; dependencyCheck=0; autowireCandidate=true; primary=false; factoryBeanName=org.springframework.data.rest.webmvc.config.RepositoryRestMvcConfiguration; factoryMethodName=httpRequestHandlerAdapter; initMethodName=null; destroyMethodName=(inferred); defined in class path resource [org/springframework/data/rest/webmvc/config/RepositoryRestMvcConfiguration.class]] 
2019:07:18 12:10:26.301 INFO  : org.springframework.context.support.PostProcessorRegistrationDelegate$BeanPostProcessorChecker : Bean 'org.springframework.transaction.annotation.ProxyTransactionManagementConfiguration' of type [org.springframework.transaction.annotation.ProxyTransactionManagementConfiguration$$EnhancerBySpringCGLIB$$2af0af5d] is not eligible for getting processed by all BeanPostProcessors (for example: not eligible for auto-proxying) 
2019:07:18 12:10:26.490 INFO  : org.springframework.context.support.PostProcessorRegistrationDelegate$BeanPostProcessorChecker : Bean 'security.oauth2.client-org.springframework.boot.autoconfigure.security.oauth2.OAuth2ClientProperties' of type [org.springframework.boot.autoconfigure.security.oauth2.OAuth2ClientProperties] is not eligible for getting processed by all BeanPostProcessors (for example: not eligible for auto-proxying) 
2019:07:18 12:10:26.499 INFO  : org.springframework.context.support.PostProcessorRegistrationDelegate$BeanPostProcessorChecker : Bean 'org.springframework.boot.autoconfigure.security.oauth2.OAuth2AutoConfiguration' of type [org.springframework.boot.autoconfigure.security.oauth2.OAuth2AutoConfiguration$$EnhancerBySpringCGLIB$$e23a6b5d] is not eligible for getting processed by all BeanPostProcessors (for example: not eligible for auto-proxying) 
2019:07:18 12:10:26.527 INFO  : org.springframework.context.support.PostProcessorRegistrationDelegate$BeanPostProcessorChecker : Bean 'resourceServerProperties' of type [org.springframework.boot.autoconfigure.security.oauth2.resource.ResourceServerProperties] is not eligible for getting processed by all BeanPostProcessors (for example: not eligible for auto-proxying) 
2019:07:18 12:10:27.022 INFO  : org.springframework.boot.context.embedded.tomcat.TomcatEmbeddedServletContainer : Tomcat initialized with port(s): 19100 (http) 
2019:07:18 12:10:27.043 INFO  : org.apache.juli.logging.DirectJDKLog : Initializing ProtocolHandler ["http-nio-19100"] 
2019:07:18 12:10:27.060 INFO  : org.apache.juli.logging.DirectJDKLog : Starting service [Tomcat] 
2019:07:18 12:10:27.060 INFO  : org.apache.juli.logging.DirectJDKLog : Starting Servlet Engine: Apache Tomcat/8.5.29 
2019:07:18 12:10:27.488 INFO  : org.apache.juli.logging.DirectJDKLog : At least one JAR was scanned for TLDs yet contained no TLDs. Enable debug logging for this logger for a complete list of JARs that were scanned but no TLDs were found in them. Skipping unneeded JARs during scanning can improve startup time and JSP compilation time. 
2019:07:18 12:10:27.499 INFO  : org.apache.juli.logging.DirectJDKLog : Initializing Spring embedded WebApplicationContext 
2019:07:18 12:10:27.500 INFO  : org.springframework.boot.context.embedded.EmbeddedWebApplicationContext : Root WebApplicationContext: initialization completed in 3770 ms 
2019:07:18 12:10:27.768 INFO  : org.springframework.boot.web.servlet.AbstractFilterRegistrationBean : Mapping filter: 'characterEncodingFilter' to: [/*] 
2019:07:18 12:10:27.769 INFO  : org.springframework.boot.web.servlet.AbstractFilterRegistrationBean : Mapping filter: 'hiddenHttpMethodFilter' to: [/*] 
2019:07:18 12:10:27.770 INFO  : org.springframework.boot.web.servlet.AbstractFilterRegistrationBean : Mapping filter: 'httpPutFormContentFilter' to: [/*] 
2019:07:18 12:10:27.770 INFO  : org.springframework.boot.web.servlet.AbstractFilterRegistrationBean : Mapping filter: 'requestContextFilter' to: [/*] 
2019:07:18 12:10:27.771 INFO  : org.springframework.boot.web.servlet.AbstractFilterRegistrationBean : Mapping filter: 'springSecurityFilterChain' to: [/*] 
2019:07:18 12:10:27.771 INFO  : org.springframework.boot.web.servlet.ServletRegistrationBean : Mapping servlet: 'dispatcherServlet' to [/] 
2019:07:18 12:10:28.279 INFO  : org.springframework.orm.jpa.LocalContainerEntityManagerFactoryBean : Building JPA container EntityManagerFactory for persistence unit 'default' 
2019:07:18 12:10:28.303 INFO  : org.hibernate.jpa.internal.util.LogHelper : HHH000204: Processing PersistenceUnitInfo [
	name: default
	...] 
2019:07:18 12:10:28.490 INFO  : org.hibernate.Version : HHH000412: Hibernate Core {5.2.16.Final} 
2019:07:18 12:10:28.494 INFO  : org.hibernate.cfg.Environment : HHH000206: hibernate.properties not found 
2019:07:18 12:10:28.588 INFO  : org.hibernate.annotations.common.reflection.java.JavaReflectionManager : HCANN000001: Hibernate Commons Annotations {5.0.1.Final} 
2019:07:18 12:10:29.233 ERROR : org.apache.juli.logging.DirectJDKLog : Unable to create initial connections of pool. 
com.mysql.jdbc.exceptions.jdbc4.MySQLSyntaxErrorException: Unknown database 'auth'
	at sun.reflect.NativeConstructorAccessorImpl.newInstance0(Native Method)
	at sun.reflect.NativeConstructorAccessorImpl.newInstance(NativeConstructorAccessorImpl.java:62)
	at sun.reflect.DelegatingConstructorAccessorImpl.newInstance(DelegatingConstructorAccessorImpl.java:45)
	at java.lang.reflect.Constructor.newInstance(Constructor.java:423)
	at com.mysql.jdbc.Util.handleNewInstance(Util.java:425)
	at com.mysql.jdbc.Util.getInstance(Util.java:408)
	at com.mysql.jdbc.SQLError.createSQLException(SQLError.java:944)
	at com.mysql.jdbc.MysqlIO.checkErrorPacket(MysqlIO.java:3976)
	at com.mysql.jdbc.MysqlIO.checkErrorPacket(MysqlIO.java:3912)
	at com.mysql.jdbc.MysqlIO.checkErrorPacket(MysqlIO.java:871)
	at com.mysql.jdbc.MysqlIO.proceedHandshakeWithPluggableAuthentication(MysqlIO.java:1714)
	at com.mysql.jdbc.MysqlIO.doHandshake(MysqlIO.java:1224)
	at com.mysql.jdbc.ConnectionImpl.coreConnect(ConnectionImpl.java:2190)
	at com.mysql.jdbc.ConnectionImpl.connectOneTryOnly(ConnectionImpl.java:2221)
	at com.mysql.jdbc.ConnectionImpl.createNewIO(ConnectionImpl.java:2016)
	at com.mysql.jdbc.ConnectionImpl.<init>(ConnectionImpl.java:776)
	at com.mysql.jdbc.JDBC4Connection.<init>(JDBC4Connection.java:47)
	at sun.reflect.NativeConstructorAccessorImpl.newInstance0(Native Method)
	at sun.reflect.NativeConstructorAccessorImpl.newInstance(NativeConstructorAccessorImpl.java:62)
	at sun.reflect.DelegatingConstructorAccessorImpl.newInstance(DelegatingConstructorAccessorImpl.java:45)
	at java.lang.reflect.Constructor.newInstance(Constructor.java:423)
	at com.mysql.jdbc.Util.handleNewInstance(Util.java:425)
	at com.mysql.jdbc.ConnectionImpl.getInstance(ConnectionImpl.java:386)
	at com.mysql.jdbc.NonRegisteringDriver.connect(NonRegisteringDriver.java:330)
	at net.sf.log4jdbc.sql.jdbcapi.DriverSpy.connect(DriverSpy.java:401)
	at org.apache.tomcat.jdbc.pool.PooledConnection.connectUsingDriver(PooledConnection.java:319)
	at org.apache.tomcat.jdbc.pool.PooledConnection.connect(PooledConnection.java:212)
	at org.apache.tomcat.jdbc.pool.ConnectionPool.createConnection(ConnectionPool.java:736)
	at org.apache.tomcat.jdbc.pool.ConnectionPool.borrowConnection(ConnectionPool.java:668)
	at org.apache.tomcat.jdbc.pool.ConnectionPool.init(ConnectionPool.java:483)
	at org.apache.tomcat.jdbc.pool.ConnectionPool.<init>(ConnectionPool.java:154)
	at org.apache.tomcat.jdbc.pool.DataSourceProxy.pCreatePool(DataSourceProxy.java:118)
	at org.apache.tomcat.jdbc.pool.DataSourceProxy.createPool(DataSourceProxy.java:107)
	at org.apache.tomcat.jdbc.pool.DataSourceProxy.getConnection(DataSourceProxy.java:131)
	at org.hibernate.engine.jdbc.connections.internal.DatasourceConnectionProviderImpl.getConnection(DatasourceConnectionProviderImpl.java:122)
	at org.hibernate.engine.jdbc.env.internal.JdbcEnvironmentInitiator$ConnectionProviderJdbcConnectionAccess.obtainConnection(JdbcEnvironmentInitiator.java:180)
	at org.hibernate.engine.jdbc.env.internal.JdbcEnvironmentInitiator.initiateService(JdbcEnvironmentInitiator.java:68)
	at org.hibernate.engine.jdbc.env.internal.JdbcEnvironmentInitiator.initiateService(JdbcEnvironmentInitiator.java:35)
	at org.hibernate.boot.registry.internal.StandardServiceRegistryImpl.initiateService(StandardServiceRegistryImpl.java:88)
	at org.hibernate.service.internal.AbstractServiceRegistryImpl.createService(AbstractServiceRegistryImpl.java:259)
	at org.hibernate.service.internal.AbstractServiceRegistryImpl.initializeService(AbstractServiceRegistryImpl.java:233)
	at org.hibernate.service.internal.AbstractServiceRegistryImpl.getService(AbstractServiceRegistryImpl.java:210)
	at org.hibernate.engine.jdbc.internal.JdbcServicesImpl.configure(JdbcServicesImpl.java:51)
	at org.hibernate.boot.registry.internal.StandardServiceRegistryImpl.configureService(StandardServiceRegistryImpl.java:94)
	at org.hibernate.service.internal.AbstractServiceRegistryImpl.initializeService(AbstractServiceRegistryImpl.java:242)
	at org.hibernate.service.internal.AbstractServiceRegistryImpl.getService(AbstractServiceRegistryImpl.java:210)
	at org.hibernate.boot.model.process.spi.MetadataBuildingProcess.handleTypes(MetadataBuildingProcess.java:352)
	at org.hibernate.boot.model.process.spi.MetadataBuildingProcess.complete(MetadataBuildingProcess.java:111)
	at org.hibernate.jpa.boot.internal.EntityManagerFactoryBuilderImpl.metadata(EntityManagerFactoryBuilderImpl.java:861)
	at org.hibernate.jpa.boot.internal.EntityManagerFactoryBuilderImpl.build(EntityManagerFactoryBuilderImpl.java:888)
	at org.springframework.orm.jpa.vendor.SpringHibernateJpaPersistenceProvider.createContainerEntityManagerFactory(SpringHibernateJpaPersistenceProvider.java:60)
	at org.springframework.orm.jpa.LocalContainerEntityManagerFactoryBean.createNativeEntityManagerFactory(LocalContainerEntityManagerFactoryBean.java:360)
	at org.springframework.orm.jpa.AbstractEntityManagerFactoryBean.buildNativeEntityManagerFactory(AbstractEntityManagerFactoryBean.java:384)
	at org.springframework.orm.jpa.AbstractEntityManagerFactoryBean.afterPropertiesSet(AbstractEntityManagerFactoryBean.java:371)
	at org.springframework.orm.jpa.LocalContainerEntityManagerFactoryBean.afterPropertiesSet(LocalContainerEntityManagerFactoryBean.java:336)
	at org.springframework.beans.factory.support.AbstractAutowireCapableBeanFactory.invokeInitMethods(AbstractAutowireCapableBeanFactory.java:1688)
	at org.springframework.beans.factory.support.AbstractAutowireCapableBeanFactory.initializeBean(AbstractAutowireCapableBeanFactory.java:1626)
	at org.springframework.beans.factory.support.AbstractAutowireCapableBeanFactory.doCreateBean(AbstractAutowireCapableBeanFactory.java:555)
	at org.springframework.beans.factory.support.AbstractAutowireCapableBeanFactory.createBean(AbstractAutowireCapableBeanFactory.java:483)
	at org.springframework.beans.factory.support.AbstractBeanFactory$1.getObject(AbstractBeanFactory.java:312)
	at org.springframework.beans.factory.support.DefaultSingletonBeanRegistry.getSingleton(DefaultSingletonBeanRegistry.java:230)
	at org.springframework.beans.factory.support.AbstractBeanFactory.doGetBean(AbstractBeanFactory.java:308)
	at org.springframework.beans.factory.support.AbstractBeanFactory.getBean(AbstractBeanFactory.java:197)
	at org.springframework.context.support.AbstractApplicationContext.getBean(AbstractApplicationContext.java:1080)
	at org.springframework.context.support.AbstractApplicationContext.finishBeanFactoryInitialization(AbstractApplicationContext.java:857)
	at org.springframework.context.support.AbstractApplicationContext.refresh(AbstractApplicationContext.java:543)
	at org.springframework.boot.context.embedded.EmbeddedWebApplicationContext.refresh(EmbeddedWebApplicationContext.java:122)
	at org.springframework.boot.SpringApplication.refresh(SpringApplication.java:693)
	at org.springframework.boot.SpringApplication.refreshContext(SpringApplication.java:360)
	at org.springframework.boot.SpringApplication.run(SpringApplication.java:303)
	at org.springframework.boot.SpringApplication.run(SpringApplication.java:1118)
	at org.springframework.boot.SpringApplication.run(SpringApplication.java:1107)
	at org.snubi.auth.AuthApplication.main(AuthApplication.java:62)
2019:07:18 12:10:29.235 WARN  : org.hibernate.engine.jdbc.env.internal.JdbcEnvironmentInitiator : HHH000342: Could not obtain connection to query metadata : Unknown database 'auth' 
2019:07:18 12:10:29.250 INFO  : org.hibernate.dialect.Dialect : HHH000400: Using dialect: org.hibernate.dialect.MySQL5Dialect 
2019:07:18 12:10:29.281 INFO  : org.hibernate.engine.jdbc.env.internal.LobCreatorBuilderImpl : HHH000422: Disabling contextual LOB creation as connection was null 
2019:07:18 12:10:29.588 WARN  : org.hibernate.boot.internal.SessionFactoryBuilderImpl$SessionFactoryOptionsStateStandardImpl : Unrecognized hbm2ddl_auto value : drop-create.  Supported values include 'create', 'create-drop', 'update', 'none' and 'validate'.  Ignoring 
2019:07:18 12:10:30.106 WARN  : org.springframework.context.support.AbstractApplicationContext : Exception encountered during context initialization - cancelling refresh attempt: org.springframework.beans.factory.BeanCreationException: Error creating bean with name 'entityManagerFactory' defined in class path resource [org/springframework/boot/autoconfigure/orm/jpa/HibernateJpaAutoConfiguration.class]: Invocation of init method failed; nested exception is javax.persistence.PersistenceException: [PersistenceUnit: default] Unable to build Hibernate SessionFactory; nested exception is java.lang.IllegalArgumentException: Unrecognized legacy `hibernate.hbm2ddl.auto` value : drop-create 
2019:07:18 12:10:30.109 INFO  : org.apache.juli.logging.DirectJDKLog : Stopping service [Tomcat] 
2019:07:18 12:10:30.130 INFO  : org.springframework.boot.autoconfigure.logging.AutoConfigurationReportLoggingInitializer : 

Error starting ApplicationContext. To display the auto-configuration report re-run your application with 'debug' enabled. 
2019:07:18 12:10:30.139 ERROR : org.springframework.boot.SpringApplication : Application startup failed 
org.springframework.beans.factory.BeanCreationException: Error creating bean with name 'entityManagerFactory' defined in class path resource [org/springframework/boot/autoconfigure/orm/jpa/HibernateJpaAutoConfiguration.class]: Invocation of init method failed; nested exception is javax.persistence.PersistenceException: [PersistenceUnit: default] Unable to build Hibernate SessionFactory; nested exception is java.lang.IllegalArgumentException: Unrecognized legacy `hibernate.hbm2ddl.auto` value : drop-create
	at org.springframework.beans.factory.support.AbstractAutowireCapableBeanFactory.initializeBean(AbstractAutowireCapableBeanFactory.java:1630)
	at org.springframework.beans.factory.support.AbstractAutowireCapableBeanFactory.doCreateBean(AbstractAutowireCapableBeanFactory.java:555)
	at org.springframework.beans.factory.support.AbstractAutowireCapableBeanFactory.createBean(AbstractAutowireCapableBeanFactory.java:483)
	at org.springframework.beans.factory.support.AbstractBeanFactory$1.getObject(AbstractBeanFactory.java:312)
	at org.springframework.beans.factory.support.DefaultSingletonBeanRegistry.getSingleton(DefaultSingletonBeanRegistry.java:230)
	at org.springframework.beans.factory.support.AbstractBeanFactory.doGetBean(AbstractBeanFactory.java:308)
	at org.springframework.beans.factory.support.AbstractBeanFactory.getBean(AbstractBeanFactory.java:197)
	at org.springframework.context.support.AbstractApplicationContext.getBean(AbstractApplicationContext.java:1080)
	at org.springframework.context.support.AbstractApplicationContext.finishBeanFactoryInitialization(AbstractApplicationContext.java:857)
	at org.springframework.context.support.AbstractApplicationContext.refresh(AbstractApplicationContext.java:543)
	at org.springframework.boot.context.embedded.EmbeddedWebApplicationContext.refresh(EmbeddedWebApplicationContext.java:122)
	at org.springframework.boot.SpringApplication.refresh(SpringApplication.java:693)
	at org.springframework.boot.SpringApplication.refreshContext(SpringApplication.java:360)
	at org.springframework.boot.SpringApplication.run(SpringApplication.java:303)
	at org.springframework.boot.SpringApplication.run(SpringApplication.java:1118)
	at org.springframework.boot.SpringApplication.run(SpringApplication.java:1107)
	at org.snubi.auth.AuthApplication.main(AuthApplication.java:62)
Caused by: javax.persistence.PersistenceException: [PersistenceUnit: default] Unable to build Hibernate SessionFactory; nested exception is java.lang.IllegalArgumentException: Unrecognized legacy `hibernate.hbm2ddl.auto` value : drop-create
	at org.springframework.orm.jpa.AbstractEntityManagerFactoryBean.buildNativeEntityManagerFactory(AbstractEntityManagerFactoryBean.java:396)
	at org.springframework.orm.jpa.AbstractEntityManagerFactoryBean.afterPropertiesSet(AbstractEntityManagerFactoryBean.java:371)
	at org.springframework.orm.jpa.LocalContainerEntityManagerFactoryBean.afterPropertiesSet(LocalContainerEntityManagerFactoryBean.java:336)
	at org.springframework.beans.factory.support.AbstractAutowireCapableBeanFactory.invokeInitMethods(AbstractAutowireCapableBeanFactory.java:1688)
	at org.springframework.beans.factory.support.AbstractAutowireCapableBeanFactory.initializeBean(AbstractAutowireCapableBeanFactory.java:1626)
	... 16 common frames omitted
Caused by: java.lang.IllegalArgumentException: Unrecognized legacy `hibernate.hbm2ddl.auto` value : drop-create
	at org.hibernate.tool.schema.Action.interpretHbm2ddlSetting(Action.java:181)
	at org.hibernate.tool.schema.spi.SchemaManagementToolCoordinator$ActionGrouping.interpret(SchemaManagementToolCoordinator.java:489)
	at org.hibernate.tool.schema.spi.SchemaManagementToolCoordinator.process(SchemaManagementToolCoordinator.java:52)
	at org.hibernate.internal.SessionFactoryImpl.<init>(SessionFactoryImpl.java:312)
	at org.hibernate.boot.internal.SessionFactoryBuilderImpl.build(SessionFactoryBuilderImpl.java:460)
	at org.hibernate.jpa.boot.internal.EntityManagerFactoryBuilderImpl.build(EntityManagerFactoryBuilderImpl.java:892)
	at org.springframework.orm.jpa.vendor.SpringHibernateJpaPersistenceProvider.createContainerEntityManagerFactory(SpringHibernateJpaPersistenceProvider.java:60)
	at org.springframework.orm.jpa.LocalContainerEntityManagerFactoryBean.createNativeEntityManagerFactory(LocalContainerEntityManagerFactoryBean.java:360)
	at org.springframework.orm.jpa.AbstractEntityManagerFactoryBean.buildNativeEntityManagerFactory(AbstractEntityManagerFactoryBean.java:384)
	... 20 common frames omitted
2019:07:18 12:10:55.290 INFO  : org.springframework.boot.StartupInfoLogger : Starting AuthApplication on DESKTOP-VJ7PMMN with PID 10764 (C:\workspace\bioemr-auth\target\classes started by xanit in C:\workspace\bioemr-auth) 
2019:07:18 12:10:55.297 INFO  : org.springframework.boot.SpringApplication : The following profiles are active: local 
2019:07:18 12:10:55.369 INFO  : org.springframework.context.support.AbstractApplicationContext : Refreshing org.springframework.boot.context.embedded.AnnotationConfigEmbeddedWebApplicationContext@3ce1e309: startup date [Thu Jul 18 12:10:55 KST 2019]; root of context hierarchy 
2019:07:18 12:10:55.517 INFO  : org.hibernate.validator.internal.util.Version : HV000001: Hibernate Validator 5.3.6.Final 
2019:07:18 12:10:56.846 INFO  : org.springframework.beans.factory.support.DefaultListableBeanFactory : Overriding bean definition for bean 'httpRequestHandlerAdapter' with a different definition: replacing [Root bean: class [null]; scope=; abstract=false; lazyInit=false; autowireMode=3; dependencyCheck=0; autowireCandidate=true; primary=false; factoryBeanName=org.springframework.boot.autoconfigure.web.WebMvcAutoConfiguration$EnableWebMvcConfiguration; factoryMethodName=httpRequestHandlerAdapter; initMethodName=null; destroyMethodName=(inferred); defined in class path resource [org/springframework/boot/autoconfigure/web/WebMvcAutoConfiguration$EnableWebMvcConfiguration.class]] with [Root bean: class [null]; scope=; abstract=false; lazyInit=false; autowireMode=3; dependencyCheck=0; autowireCandidate=true; primary=false; factoryBeanName=org.springframework.data.rest.webmvc.config.RepositoryRestMvcConfiguration; factoryMethodName=httpRequestHandlerAdapter; initMethodName=null; destroyMethodName=(inferred); defined in class path resource [org/springframework/data/rest/webmvc/config/RepositoryRestMvcConfiguration.class]] 
2019:07:18 12:10:57.571 INFO  : org.springframework.context.support.PostProcessorRegistrationDelegate$BeanPostProcessorChecker : Bean 'org.springframework.transaction.annotation.ProxyTransactionManagementConfiguration' of type [org.springframework.transaction.annotation.ProxyTransactionManagementConfiguration$$EnhancerBySpringCGLIB$$4f08f9e9] is not eligible for getting processed by all BeanPostProcessors (for example: not eligible for auto-proxying) 
2019:07:18 12:10:57.738 INFO  : org.springframework.context.support.PostProcessorRegistrationDelegate$BeanPostProcessorChecker : Bean 'security.oauth2.client-org.springframework.boot.autoconfigure.security.oauth2.OAuth2ClientProperties' of type [org.springframework.boot.autoconfigure.security.oauth2.OAuth2ClientProperties] is not eligible for getting processed by all BeanPostProcessors (for example: not eligible for auto-proxying) 
2019:07:18 12:10:57.744 INFO  : org.springframework.context.support.PostProcessorRegistrationDelegate$BeanPostProcessorChecker : Bean 'org.springframework.boot.autoconfigure.security.oauth2.OAuth2AutoConfiguration' of type [org.springframework.boot.autoconfigure.security.oauth2.OAuth2AutoConfiguration$$EnhancerBySpringCGLIB$$652b5e9] is not eligible for getting processed by all BeanPostProcessors (for example: not eligible for auto-proxying) 
2019:07:18 12:10:57.769 INFO  : org.springframework.context.support.PostProcessorRegistrationDelegate$BeanPostProcessorChecker : Bean 'resourceServerProperties' of type [org.springframework.boot.autoconfigure.security.oauth2.resource.ResourceServerProperties] is not eligible for getting processed by all BeanPostProcessors (for example: not eligible for auto-proxying) 
2019:07:18 12:10:58.149 INFO  : org.springframework.boot.context.embedded.tomcat.TomcatEmbeddedServletContainer : Tomcat initialized with port(s): 19100 (http) 
2019:07:18 12:10:58.168 INFO  : org.apache.juli.logging.DirectJDKLog : Initializing ProtocolHandler ["http-nio-19100"] 
2019:07:18 12:10:58.184 INFO  : org.apache.juli.logging.DirectJDKLog : Starting service [Tomcat] 
2019:07:18 12:10:58.184 INFO  : org.apache.juli.logging.DirectJDKLog : Starting Servlet Engine: Apache Tomcat/8.5.29 
2019:07:18 12:10:58.570 INFO  : org.apache.juli.logging.DirectJDKLog : At least one JAR was scanned for TLDs yet contained no TLDs. Enable debug logging for this logger for a complete list of JARs that were scanned but no TLDs were found in them. Skipping unneeded JARs during scanning can improve startup time and JSP compilation time. 
2019:07:18 12:10:58.578 INFO  : org.apache.juli.logging.DirectJDKLog : Initializing Spring embedded WebApplicationContext 
2019:07:18 12:10:58.579 INFO  : org.springframework.boot.context.embedded.EmbeddedWebApplicationContext : Root WebApplicationContext: initialization completed in 3210 ms 
2019:07:18 12:10:58.825 INFO  : org.springframework.boot.web.servlet.AbstractFilterRegistrationBean : Mapping filter: 'characterEncodingFilter' to: [/*] 
2019:07:18 12:10:58.827 INFO  : org.springframework.boot.web.servlet.AbstractFilterRegistrationBean : Mapping filter: 'hiddenHttpMethodFilter' to: [/*] 
2019:07:18 12:10:58.827 INFO  : org.springframework.boot.web.servlet.AbstractFilterRegistrationBean : Mapping filter: 'httpPutFormContentFilter' to: [/*] 
2019:07:18 12:10:58.827 INFO  : org.springframework.boot.web.servlet.AbstractFilterRegistrationBean : Mapping filter: 'requestContextFilter' to: [/*] 
2019:07:18 12:10:58.828 INFO  : org.springframework.boot.web.servlet.AbstractFilterRegistrationBean : Mapping filter: 'springSecurityFilterChain' to: [/*] 
2019:07:18 12:10:58.829 INFO  : org.springframework.boot.web.servlet.ServletRegistrationBean : Mapping servlet: 'dispatcherServlet' to [/] 
2019:07:18 12:10:59.265 INFO  : org.springframework.orm.jpa.LocalContainerEntityManagerFactoryBean : Building JPA container EntityManagerFactory for persistence unit 'default' 
2019:07:18 12:10:59.283 INFO  : org.hibernate.jpa.internal.util.LogHelper : HHH000204: Processing PersistenceUnitInfo [
	name: default
	...] 
2019:07:18 12:10:59.396 INFO  : org.hibernate.Version : HHH000412: Hibernate Core {5.2.16.Final} 
2019:07:18 12:10:59.400 INFO  : org.hibernate.cfg.Environment : HHH000206: hibernate.properties not found 
2019:07:18 12:10:59.471 INFO  : org.hibernate.annotations.common.reflection.java.JavaReflectionManager : HCANN000001: Hibernate Commons Annotations {5.0.1.Final} 
2019:07:18 12:10:59.971 ERROR : org.apache.juli.logging.DirectJDKLog : Unable to create initial connections of pool. 
com.mysql.jdbc.exceptions.jdbc4.MySQLSyntaxErrorException: Unknown database 'auth'
	at sun.reflect.NativeConstructorAccessorImpl.newInstance0(Native Method)
	at sun.reflect.NativeConstructorAccessorImpl.newInstance(NativeConstructorAccessorImpl.java:62)
	at sun.reflect.DelegatingConstructorAccessorImpl.newInstance(DelegatingConstructorAccessorImpl.java:45)
	at java.lang.reflect.Constructor.newInstance(Constructor.java:423)
	at com.mysql.jdbc.Util.handleNewInstance(Util.java:425)
	at com.mysql.jdbc.Util.getInstance(Util.java:408)
	at com.mysql.jdbc.SQLError.createSQLException(SQLError.java:944)
	at com.mysql.jdbc.MysqlIO.checkErrorPacket(MysqlIO.java:3976)
	at com.mysql.jdbc.MysqlIO.checkErrorPacket(MysqlIO.java:3912)
	at com.mysql.jdbc.MysqlIO.checkErrorPacket(MysqlIO.java:871)
	at com.mysql.jdbc.MysqlIO.proceedHandshakeWithPluggableAuthentication(MysqlIO.java:1714)
	at com.mysql.jdbc.MysqlIO.doHandshake(MysqlIO.java:1224)
	at com.mysql.jdbc.ConnectionImpl.coreConnect(ConnectionImpl.java:2190)
	at com.mysql.jdbc.ConnectionImpl.connectOneTryOnly(ConnectionImpl.java:2221)
	at com.mysql.jdbc.ConnectionImpl.createNewIO(ConnectionImpl.java:2016)
	at com.mysql.jdbc.ConnectionImpl.<init>(ConnectionImpl.java:776)
	at com.mysql.jdbc.JDBC4Connection.<init>(JDBC4Connection.java:47)
	at sun.reflect.NativeConstructorAccessorImpl.newInstance0(Native Method)
	at sun.reflect.NativeConstructorAccessorImpl.newInstance(NativeConstructorAccessorImpl.java:62)
	at sun.reflect.DelegatingConstructorAccessorImpl.newInstance(DelegatingConstructorAccessorImpl.java:45)
	at java.lang.reflect.Constructor.newInstance(Constructor.java:423)
	at com.mysql.jdbc.Util.handleNewInstance(Util.java:425)
	at com.mysql.jdbc.ConnectionImpl.getInstance(ConnectionImpl.java:386)
	at com.mysql.jdbc.NonRegisteringDriver.connect(NonRegisteringDriver.java:330)
	at net.sf.log4jdbc.sql.jdbcapi.DriverSpy.connect(DriverSpy.java:401)
	at org.apache.tomcat.jdbc.pool.PooledConnection.connectUsingDriver(PooledConnection.java:319)
	at org.apache.tomcat.jdbc.pool.PooledConnection.connect(PooledConnection.java:212)
	at org.apache.tomcat.jdbc.pool.ConnectionPool.createConnection(ConnectionPool.java:736)
	at org.apache.tomcat.jdbc.pool.ConnectionPool.borrowConnection(ConnectionPool.java:668)
	at org.apache.tomcat.jdbc.pool.ConnectionPool.init(ConnectionPool.java:483)
	at org.apache.tomcat.jdbc.pool.ConnectionPool.<init>(ConnectionPool.java:154)
	at org.apache.tomcat.jdbc.pool.DataSourceProxy.pCreatePool(DataSourceProxy.java:118)
	at org.apache.tomcat.jdbc.pool.DataSourceProxy.createPool(DataSourceProxy.java:107)
	at org.apache.tomcat.jdbc.pool.DataSourceProxy.getConnection(DataSourceProxy.java:131)
	at org.hibernate.engine.jdbc.connections.internal.DatasourceConnectionProviderImpl.getConnection(DatasourceConnectionProviderImpl.java:122)
	at org.hibernate.engine.jdbc.env.internal.JdbcEnvironmentInitiator$ConnectionProviderJdbcConnectionAccess.obtainConnection(JdbcEnvironmentInitiator.java:180)
	at org.hibernate.engine.jdbc.env.internal.JdbcEnvironmentInitiator.initiateService(JdbcEnvironmentInitiator.java:68)
	at org.hibernate.engine.jdbc.env.internal.JdbcEnvironmentInitiator.initiateService(JdbcEnvironmentInitiator.java:35)
	at org.hibernate.boot.registry.internal.StandardServiceRegistryImpl.initiateService(StandardServiceRegistryImpl.java:88)
	at org.hibernate.service.internal.AbstractServiceRegistryImpl.createService(AbstractServiceRegistryImpl.java:259)
	at org.hibernate.service.internal.AbstractServiceRegistryImpl.initializeService(AbstractServiceRegistryImpl.java:233)
	at org.hibernate.service.internal.AbstractServiceRegistryImpl.getService(AbstractServiceRegistryImpl.java:210)
	at org.hibernate.engine.jdbc.internal.JdbcServicesImpl.configure(JdbcServicesImpl.java:51)
	at org.hibernate.boot.registry.internal.StandardServiceRegistryImpl.configureService(StandardServiceRegistryImpl.java:94)
	at org.hibernate.service.internal.AbstractServiceRegistryImpl.initializeService(AbstractServiceRegistryImpl.java:242)
	at org.hibernate.service.internal.AbstractServiceRegistryImpl.getService(AbstractServiceRegistryImpl.java:210)
	at org.hibernate.boot.model.process.spi.MetadataBuildingProcess.handleTypes(MetadataBuildingProcess.java:352)
	at org.hibernate.boot.model.process.spi.MetadataBuildingProcess.complete(MetadataBuildingProcess.java:111)
	at org.hibernate.jpa.boot.internal.EntityManagerFactoryBuilderImpl.metadata(EntityManagerFactoryBuilderImpl.java:861)
	at org.hibernate.jpa.boot.internal.EntityManagerFactoryBuilderImpl.build(EntityManagerFactoryBuilderImpl.java:888)
	at org.springframework.orm.jpa.vendor.SpringHibernateJpaPersistenceProvider.createContainerEntityManagerFactory(SpringHibernateJpaPersistenceProvider.java:60)
	at org.springframework.orm.jpa.LocalContainerEntityManagerFactoryBean.createNativeEntityManagerFactory(LocalContainerEntityManagerFactoryBean.java:360)
	at org.springframework.orm.jpa.AbstractEntityManagerFactoryBean.buildNativeEntityManagerFactory(AbstractEntityManagerFactoryBean.java:384)
	at org.springframework.orm.jpa.AbstractEntityManagerFactoryBean.afterPropertiesSet(AbstractEntityManagerFactoryBean.java:371)
	at org.springframework.orm.jpa.LocalContainerEntityManagerFactoryBean.afterPropertiesSet(LocalContainerEntityManagerFactoryBean.java:336)
	at org.springframework.beans.factory.support.AbstractAutowireCapableBeanFactory.invokeInitMethods(AbstractAutowireCapableBeanFactory.java:1688)
	at org.springframework.beans.factory.support.AbstractAutowireCapableBeanFactory.initializeBean(AbstractAutowireCapableBeanFactory.java:1626)
	at org.springframework.beans.factory.support.AbstractAutowireCapableBeanFactory.doCreateBean(AbstractAutowireCapableBeanFactory.java:555)
	at org.springframework.beans.factory.support.AbstractAutowireCapableBeanFactory.createBean(AbstractAutowireCapableBeanFactory.java:483)
	at org.springframework.beans.factory.support.AbstractBeanFactory$1.getObject(AbstractBeanFactory.java:312)
	at org.springframework.beans.factory.support.DefaultSingletonBeanRegistry.getSingleton(DefaultSingletonBeanRegistry.java:230)
	at org.springframework.beans.factory.support.AbstractBeanFactory.doGetBean(AbstractBeanFactory.java:308)
	at org.springframework.beans.factory.support.AbstractBeanFactory.getBean(AbstractBeanFactory.java:197)
	at org.springframework.context.support.AbstractApplicationContext.getBean(AbstractApplicationContext.java:1080)
	at org.springframework.context.support.AbstractApplicationContext.finishBeanFactoryInitialization(AbstractApplicationContext.java:857)
	at org.springframework.context.support.AbstractApplicationContext.refresh(AbstractApplicationContext.java:543)
	at org.springframework.boot.context.embedded.EmbeddedWebApplicationContext.refresh(EmbeddedWebApplicationContext.java:122)
	at org.springframework.boot.SpringApplication.refresh(SpringApplication.java:693)
	at org.springframework.boot.SpringApplication.refreshContext(SpringApplication.java:360)
	at org.springframework.boot.SpringApplication.run(SpringApplication.java:303)
	at org.springframework.boot.SpringApplication.run(SpringApplication.java:1118)
	at org.springframework.boot.SpringApplication.run(SpringApplication.java:1107)
	at org.snubi.auth.AuthApplication.main(AuthApplication.java:62)
2019:07:18 12:10:59.974 WARN  : org.hibernate.engine.jdbc.env.internal.JdbcEnvironmentInitiator : HHH000342: Could not obtain connection to query metadata : Unknown database 'auth' 
2019:07:18 12:10:59.989 INFO  : org.hibernate.dialect.Dialect : HHH000400: Using dialect: org.hibernate.dialect.MySQL5Dialect 
2019:07:18 12:11:00.016 INFO  : org.hibernate.engine.jdbc.env.internal.LobCreatorBuilderImpl : HHH000422: Disabling contextual LOB creation as connection was null 
2019:07:18 12:11:00.732 ERROR : org.apache.juli.logging.DirectJDKLog : Unable to create initial connections of pool. 
com.mysql.jdbc.exceptions.jdbc4.MySQLSyntaxErrorException: Unknown database 'auth'
	at sun.reflect.NativeConstructorAccessorImpl.newInstance0(Native Method)
	at sun.reflect.NativeConstructorAccessorImpl.newInstance(NativeConstructorAccessorImpl.java:62)
	at sun.reflect.DelegatingConstructorAccessorImpl.newInstance(DelegatingConstructorAccessorImpl.java:45)
	at java.lang.reflect.Constructor.newInstance(Constructor.java:423)
	at com.mysql.jdbc.Util.handleNewInstance(Util.java:425)
	at com.mysql.jdbc.Util.getInstance(Util.java:408)
	at com.mysql.jdbc.SQLError.createSQLException(SQLError.java:944)
	at com.mysql.jdbc.MysqlIO.checkErrorPacket(MysqlIO.java:3976)
	at com.mysql.jdbc.MysqlIO.checkErrorPacket(MysqlIO.java:3912)
	at com.mysql.jdbc.MysqlIO.checkErrorPacket(MysqlIO.java:871)
	at com.mysql.jdbc.MysqlIO.proceedHandshakeWithPluggableAuthentication(MysqlIO.java:1714)
	at com.mysql.jdbc.MysqlIO.doHandshake(MysqlIO.java:1224)
	at com.mysql.jdbc.ConnectionImpl.coreConnect(ConnectionImpl.java:2190)
	at com.mysql.jdbc.ConnectionImpl.connectOneTryOnly(ConnectionImpl.java:2221)
	at com.mysql.jdbc.ConnectionImpl.createNewIO(ConnectionImpl.java:2016)
	at com.mysql.jdbc.ConnectionImpl.<init>(ConnectionImpl.java:776)
	at com.mysql.jdbc.JDBC4Connection.<init>(JDBC4Connection.java:47)
	at sun.reflect.NativeConstructorAccessorImpl.newInstance0(Native Method)
	at sun.reflect.NativeConstructorAccessorImpl.newInstance(NativeConstructorAccessorImpl.java:62)
	at sun.reflect.DelegatingConstructorAccessorImpl.newInstance(DelegatingConstructorAccessorImpl.java:45)
	at java.lang.reflect.Constructor.newInstance(Constructor.java:423)
	at com.mysql.jdbc.Util.handleNewInstance(Util.java:425)
	at com.mysql.jdbc.ConnectionImpl.getInstance(ConnectionImpl.java:386)
	at com.mysql.jdbc.NonRegisteringDriver.connect(NonRegisteringDriver.java:330)
	at net.sf.log4jdbc.sql.jdbcapi.DriverSpy.connect(DriverSpy.java:401)
	at org.apache.tomcat.jdbc.pool.PooledConnection.connectUsingDriver(PooledConnection.java:319)
	at org.apache.tomcat.jdbc.pool.PooledConnection.connect(PooledConnection.java:212)
	at org.apache.tomcat.jdbc.pool.ConnectionPool.createConnection(ConnectionPool.java:736)
	at org.apache.tomcat.jdbc.pool.ConnectionPool.borrowConnection(ConnectionPool.java:668)
	at org.apache.tomcat.jdbc.pool.ConnectionPool.init(ConnectionPool.java:483)
	at org.apache.tomcat.jdbc.pool.ConnectionPool.<init>(ConnectionPool.java:154)
	at org.apache.tomcat.jdbc.pool.DataSourceProxy.pCreatePool(DataSourceProxy.java:118)
	at org.apache.tomcat.jdbc.pool.DataSourceProxy.createPool(DataSourceProxy.java:107)
	at org.apache.tomcat.jdbc.pool.DataSourceProxy.getConnection(DataSourceProxy.java:131)
	at org.hibernate.engine.jdbc.connections.internal.DatasourceConnectionProviderImpl.getConnection(DatasourceConnectionProviderImpl.java:122)
	at org.hibernate.engine.jdbc.env.internal.JdbcEnvironmentInitiator$ConnectionProviderJdbcConnectionAccess.obtainConnection(JdbcEnvironmentInitiator.java:180)
	at org.hibernate.resource.transaction.backend.jdbc.internal.DdlTransactionIsolatorNonJtaImpl.getIsolatedConnection(DdlTransactionIsolatorNonJtaImpl.java:43)
	at org.hibernate.tool.schema.internal.exec.GenerationTargetToDatabase.jdbcStatement(GenerationTargetToDatabase.java:77)
	at org.hibernate.tool.schema.internal.exec.GenerationTargetToDatabase.accept(GenerationTargetToDatabase.java:53)
	at org.hibernate.tool.schema.internal.SchemaDropperImpl.applySqlString(SchemaDropperImpl.java:375)
	at org.hibernate.tool.schema.internal.SchemaDropperImpl.applySqlStrings(SchemaDropperImpl.java:359)
	at org.hibernate.tool.schema.internal.SchemaDropperImpl.dropFromMetadata(SchemaDropperImpl.java:241)
	at org.hibernate.tool.schema.internal.SchemaDropperImpl.performDrop(SchemaDropperImpl.java:154)
	at org.hibernate.tool.schema.internal.SchemaDropperImpl.doDrop(SchemaDropperImpl.java:126)
	at org.hibernate.tool.schema.internal.SchemaDropperImpl.doDrop(SchemaDropperImpl.java:112)
	at org.hibernate.tool.schema.spi.SchemaManagementToolCoordinator.performDatabaseAction(SchemaManagementToolCoordinator.java:144)
	at org.hibernate.tool.schema.spi.SchemaManagementToolCoordinator.process(SchemaManagementToolCoordinator.java:72)
	at org.hibernate.internal.SessionFactoryImpl.<init>(SessionFactoryImpl.java:312)
	at org.hibernate.boot.internal.SessionFactoryBuilderImpl.build(SessionFactoryBuilderImpl.java:460)
	at org.hibernate.jpa.boot.internal.EntityManagerFactoryBuilderImpl.build(EntityManagerFactoryBuilderImpl.java:892)
	at org.springframework.orm.jpa.vendor.SpringHibernateJpaPersistenceProvider.createContainerEntityManagerFactory(SpringHibernateJpaPersistenceProvider.java:60)
	at org.springframework.orm.jpa.LocalContainerEntityManagerFactoryBean.createNativeEntityManagerFactory(LocalContainerEntityManagerFactoryBean.java:360)
	at org.springframework.orm.jpa.AbstractEntityManagerFactoryBean.buildNativeEntityManagerFactory(AbstractEntityManagerFactoryBean.java:384)
	at org.springframework.orm.jpa.AbstractEntityManagerFactoryBean.afterPropertiesSet(AbstractEntityManagerFactoryBean.java:371)
	at org.springframework.orm.jpa.LocalContainerEntityManagerFactoryBean.afterPropertiesSet(LocalContainerEntityManagerFactoryBean.java:336)
	at org.springframework.beans.factory.support.AbstractAutowireCapableBeanFactory.invokeInitMethods(AbstractAutowireCapableBeanFactory.java:1688)
	at org.springframework.beans.factory.support.AbstractAutowireCapableBeanFactory.initializeBean(AbstractAutowireCapableBeanFactory.java:1626)
	at org.springframework.beans.factory.support.AbstractAutowireCapableBeanFactory.doCreateBean(AbstractAutowireCapableBeanFactory.java:555)
	at org.springframework.beans.factory.support.AbstractAutowireCapableBeanFactory.createBean(AbstractAutowireCapableBeanFactory.java:483)
	at org.springframework.beans.factory.support.AbstractBeanFactory$1.getObject(AbstractBeanFactory.java:312)
	at org.springframework.beans.factory.support.DefaultSingletonBeanRegistry.getSingleton(DefaultSingletonBeanRegistry.java:230)
	at org.springframework.beans.factory.support.AbstractBeanFactory.doGetBean(AbstractBeanFactory.java:308)
	at org.springframework.beans.factory.support.AbstractBeanFactory.getBean(AbstractBeanFactory.java:197)
	at org.springframework.context.support.AbstractApplicationContext.getBean(AbstractApplicationContext.java:1080)
	at org.springframework.context.support.AbstractApplicationContext.finishBeanFactoryInitialization(AbstractApplicationContext.java:857)
	at org.springframework.context.support.AbstractApplicationContext.refresh(AbstractApplicationContext.java:543)
	at org.springframework.boot.context.embedded.EmbeddedWebApplicationContext.refresh(EmbeddedWebApplicationContext.java:122)
	at org.springframework.boot.SpringApplication.refresh(SpringApplication.java:693)
	at org.springframework.boot.SpringApplication.refreshContext(SpringApplication.java:360)
	at org.springframework.boot.SpringApplication.run(SpringApplication.java:303)
	at org.springframework.boot.SpringApplication.run(SpringApplication.java:1118)
	at org.springframework.boot.SpringApplication.run(SpringApplication.java:1107)
	at org.snubi.auth.AuthApplication.main(AuthApplication.java:62)
2019:07:18 12:11:00.733 WARN  : org.hibernate.engine.jdbc.spi.SqlExceptionHelper : SQL Error: 1049, SQLState: 42000 
2019:07:18 12:11:00.733 ERROR : org.hibernate.engine.jdbc.spi.SqlExceptionHelper : Unknown database 'auth' 
2019:07:18 12:11:00.737 WARN  : org.springframework.context.support.AbstractApplicationContext : Exception encountered during context initialization - cancelling refresh attempt: org.springframework.beans.factory.BeanCreationException: Error creating bean with name 'entityManagerFactory' defined in class path resource [org/springframework/boot/autoconfigure/orm/jpa/HibernateJpaAutoConfiguration.class]: Invocation of init method failed; nested exception is javax.persistence.PersistenceException: [PersistenceUnit: default] Unable to build Hibernate SessionFactory; nested exception is org.hibernate.exception.SQLGrammarException: Unable to open JDBC Connection for DDL execution 
2019:07:18 12:11:00.739 INFO  : org.apache.juli.logging.DirectJDKLog : Stopping service [Tomcat] 
2019:07:18 12:11:00.752 INFO  : org.springframework.boot.autoconfigure.logging.AutoConfigurationReportLoggingInitializer : 

Error starting ApplicationContext. To display the auto-configuration report re-run your application with 'debug' enabled. 
2019:07:18 12:11:00.759 ERROR : org.springframework.boot.SpringApplication : Application startup failed 
org.springframework.beans.factory.BeanCreationException: Error creating bean with name 'entityManagerFactory' defined in class path resource [org/springframework/boot/autoconfigure/orm/jpa/HibernateJpaAutoConfiguration.class]: Invocation of init method failed; nested exception is javax.persistence.PersistenceException: [PersistenceUnit: default] Unable to build Hibernate SessionFactory; nested exception is org.hibernate.exception.SQLGrammarException: Unable to open JDBC Connection for DDL execution
	at org.springframework.beans.factory.support.AbstractAutowireCapableBeanFactory.initializeBean(AbstractAutowireCapableBeanFactory.java:1630)
	at org.springframework.beans.factory.support.AbstractAutowireCapableBeanFactory.doCreateBean(AbstractAutowireCapableBeanFactory.java:555)
	at org.springframework.beans.factory.support.AbstractAutowireCapableBeanFactory.createBean(AbstractAutowireCapableBeanFactory.java:483)
	at org.springframework.beans.factory.support.AbstractBeanFactory$1.getObject(AbstractBeanFactory.java:312)
	at org.springframework.beans.factory.support.DefaultSingletonBeanRegistry.getSingleton(DefaultSingletonBeanRegistry.java:230)
	at org.springframework.beans.factory.support.AbstractBeanFactory.doGetBean(AbstractBeanFactory.java:308)
	at org.springframework.beans.factory.support.AbstractBeanFactory.getBean(AbstractBeanFactory.java:197)
	at org.springframework.context.support.AbstractApplicationContext.getBean(AbstractApplicationContext.java:1080)
	at org.springframework.context.support.AbstractApplicationContext.finishBeanFactoryInitialization(AbstractApplicationContext.java:857)
	at org.springframework.context.support.AbstractApplicationContext.refresh(AbstractApplicationContext.java:543)
	at org.springframework.boot.context.embedded.EmbeddedWebApplicationContext.refresh(EmbeddedWebApplicationContext.java:122)
	at org.springframework.boot.SpringApplication.refresh(SpringApplication.java:693)
	at org.springframework.boot.SpringApplication.refreshContext(SpringApplication.java:360)
	at org.springframework.boot.SpringApplication.run(SpringApplication.java:303)
	at org.springframework.boot.SpringApplication.run(SpringApplication.java:1118)
	at org.springframework.boot.SpringApplication.run(SpringApplication.java:1107)
	at org.snubi.auth.AuthApplication.main(AuthApplication.java:62)
Caused by: javax.persistence.PersistenceException: [PersistenceUnit: default] Unable to build Hibernate SessionFactory; nested exception is org.hibernate.exception.SQLGrammarException: Unable to open JDBC Connection for DDL execution
	at org.springframework.orm.jpa.AbstractEntityManagerFactoryBean.buildNativeEntityManagerFactory(AbstractEntityManagerFactoryBean.java:396)
	at org.springframework.orm.jpa.AbstractEntityManagerFactoryBean.afterPropertiesSet(AbstractEntityManagerFactoryBean.java:371)
	at org.springframework.orm.jpa.LocalContainerEntityManagerFactoryBean.afterPropertiesSet(LocalContainerEntityManagerFactoryBean.java:336)
	at org.springframework.beans.factory.support.AbstractAutowireCapableBeanFactory.invokeInitMethods(AbstractAutowireCapableBeanFactory.java:1688)
	at org.springframework.beans.factory.support.AbstractAutowireCapableBeanFactory.initializeBean(AbstractAutowireCapableBeanFactory.java:1626)
	... 16 common frames omitted
Caused by: org.hibernate.exception.SQLGrammarException: Unable to open JDBC Connection for DDL execution
	at org.hibernate.exception.internal.SQLExceptionTypeDelegate.convert(SQLExceptionTypeDelegate.java:63)
	at org.hibernate.exception.internal.StandardSQLExceptionConverter.convert(StandardSQLExceptionConverter.java:42)
	at org.hibernate.engine.jdbc.spi.SqlExceptionHelper.convert(SqlExceptionHelper.java:111)
	at org.hibernate.engine.jdbc.spi.SqlExceptionHelper.convert(SqlExceptionHelper.java:97)
	at org.hibernate.resource.transaction.backend.jdbc.internal.DdlTransactionIsolatorNonJtaImpl.getIsolatedConnection(DdlTransactionIsolatorNonJtaImpl.java:69)
	at org.hibernate.tool.schema.internal.exec.GenerationTargetToDatabase.jdbcStatement(GenerationTargetToDatabase.java:77)
	at org.hibernate.tool.schema.internal.exec.GenerationTargetToDatabase.accept(GenerationTargetToDatabase.java:53)
	at org.hibernate.tool.schema.internal.SchemaDropperImpl.applySqlString(SchemaDropperImpl.java:375)
	at org.hibernate.tool.schema.internal.SchemaDropperImpl.applySqlStrings(SchemaDropperImpl.java:359)
	at org.hibernate.tool.schema.internal.SchemaDropperImpl.dropFromMetadata(SchemaDropperImpl.java:241)
	at org.hibernate.tool.schema.internal.SchemaDropperImpl.performDrop(SchemaDropperImpl.java:154)
	at org.hibernate.tool.schema.internal.SchemaDropperImpl.doDrop(SchemaDropperImpl.java:126)
	at org.hibernate.tool.schema.internal.SchemaDropperImpl.doDrop(SchemaDropperImpl.java:112)
	at org.hibernate.tool.schema.spi.SchemaManagementToolCoordinator.performDatabaseAction(SchemaManagementToolCoordinator.java:144)
	at org.hibernate.tool.schema.spi.SchemaManagementToolCoordinator.process(SchemaManagementToolCoordinator.java:72)
	at org.hibernate.internal.SessionFactoryImpl.<init>(SessionFactoryImpl.java:312)
	at org.hibernate.boot.internal.SessionFactoryBuilderImpl.build(SessionFactoryBuilderImpl.java:460)
	at org.hibernate.jpa.boot.internal.EntityManagerFactoryBuilderImpl.build(EntityManagerFactoryBuilderImpl.java:892)
	at org.springframework.orm.jpa.vendor.SpringHibernateJpaPersistenceProvider.createContainerEntityManagerFactory(SpringHibernateJpaPersistenceProvider.java:60)
	at org.springframework.orm.jpa.LocalContainerEntityManagerFactoryBean.createNativeEntityManagerFactory(LocalContainerEntityManagerFactoryBean.java:360)
	at org.springframework.orm.jpa.AbstractEntityManagerFactoryBean.buildNativeEntityManagerFactory(AbstractEntityManagerFactoryBean.java:384)
	... 20 common frames omitted
Caused by: com.mysql.jdbc.exceptions.jdbc4.MySQLSyntaxErrorException: Unknown database 'auth'
	at sun.reflect.NativeConstructorAccessorImpl.newInstance0(Native Method)
	at sun.reflect.NativeConstructorAccessorImpl.newInstance(NativeConstructorAccessorImpl.java:62)
	at sun.reflect.DelegatingConstructorAccessorImpl.newInstance(DelegatingConstructorAccessorImpl.java:45)
	at java.lang.reflect.Constructor.newInstance(Constructor.java:423)
	at com.mysql.jdbc.Util.handleNewInstance(Util.java:425)
	at com.mysql.jdbc.Util.getInstance(Util.java:408)
	at com.mysql.jdbc.SQLError.createSQLException(SQLError.java:944)
	at com.mysql.jdbc.MysqlIO.checkErrorPacket(MysqlIO.java:3976)
	at com.mysql.jdbc.MysqlIO.checkErrorPacket(MysqlIO.java:3912)
	at com.mysql.jdbc.MysqlIO.checkErrorPacket(MysqlIO.java:871)
	at com.mysql.jdbc.MysqlIO.proceedHandshakeWithPluggableAuthentication(MysqlIO.java:1714)
	at com.mysql.jdbc.MysqlIO.doHandshake(MysqlIO.java:1224)
	at com.mysql.jdbc.ConnectionImpl.coreConnect(ConnectionImpl.java:2190)
	at com.mysql.jdbc.ConnectionImpl.connectOneTryOnly(ConnectionImpl.java:2221)
	at com.mysql.jdbc.ConnectionImpl.createNewIO(ConnectionImpl.java:2016)
	at com.mysql.jdbc.ConnectionImpl.<init>(ConnectionImpl.java:776)
	at com.mysql.jdbc.JDBC4Connection.<init>(JDBC4Connection.java:47)
	at sun.reflect.NativeConstructorAccessorImpl.newInstance0(Native Method)
	at sun.reflect.NativeConstructorAccessorImpl.newInstance(NativeConstructorAccessorImpl.java:62)
	at sun.reflect.DelegatingConstructorAccessorImpl.newInstance(DelegatingConstructorAccessorImpl.java:45)
	at java.lang.reflect.Constructor.newInstance(Constructor.java:423)
	at com.mysql.jdbc.Util.handleNewInstance(Util.java:425)
	at com.mysql.jdbc.ConnectionImpl.getInstance(ConnectionImpl.java:386)
	at com.mysql.jdbc.NonRegisteringDriver.connect(NonRegisteringDriver.java:330)
	at net.sf.log4jdbc.sql.jdbcapi.DriverSpy.connect(DriverSpy.java:401)
	at org.apache.tomcat.jdbc.pool.PooledConnection.connectUsingDriver(PooledConnection.java:319)
	at org.apache.tomcat.jdbc.pool.PooledConnection.connect(PooledConnection.java:212)
	at org.apache.tomcat.jdbc.pool.ConnectionPool.createConnection(ConnectionPool.java:736)
	at org.apache.tomcat.jdbc.pool.ConnectionPool.borrowConnection(ConnectionPool.java:668)
	at org.apache.tomcat.jdbc.pool.ConnectionPool.init(ConnectionPool.java:483)
	at org.apache.tomcat.jdbc.pool.ConnectionPool.<init>(ConnectionPool.java:154)
	at org.apache.tomcat.jdbc.pool.DataSourceProxy.pCreatePool(DataSourceProxy.java:118)
	at org.apache.tomcat.jdbc.pool.DataSourceProxy.createPool(DataSourceProxy.java:107)
	at org.apache.tomcat.jdbc.pool.DataSourceProxy.getConnection(DataSourceProxy.java:131)
	at org.hibernate.engine.jdbc.connections.internal.DatasourceConnectionProviderImpl.getConnection(DatasourceConnectionProviderImpl.java:122)
	at org.hibernate.engine.jdbc.env.internal.JdbcEnvironmentInitiator$ConnectionProviderJdbcConnectionAccess.obtainConnection(JdbcEnvironmentInitiator.java:180)
	at org.hibernate.resource.transaction.backend.jdbc.internal.DdlTransactionIsolatorNonJtaImpl.getIsolatedConnection(DdlTransactionIsolatorNonJtaImpl.java:43)
	... 36 common frames omitted
2019:07:18 12:11:50.290 INFO  : org.springframework.boot.StartupInfoLogger : Starting AuthApplication on DESKTOP-VJ7PMMN with PID 5024 (C:\workspace\bioemr-auth\target\classes started by xanit in C:\workspace\bioemr-auth) 
2019:07:18 12:11:50.295 INFO  : org.springframework.boot.SpringApplication : The following profiles are active: local 
2019:07:18 12:11:50.360 INFO  : org.springframework.context.support.AbstractApplicationContext : Refreshing org.springframework.boot.context.embedded.AnnotationConfigEmbeddedWebApplicationContext@3ce1e309: startup date [Thu Jul 18 12:11:50 KST 2019]; root of context hierarchy 
2019:07:18 12:11:50.463 INFO  : org.hibernate.validator.internal.util.Version : HV000001: Hibernate Validator 5.3.6.Final 
2019:07:18 12:11:51.653 INFO  : org.springframework.beans.factory.support.DefaultListableBeanFactory : Overriding bean definition for bean 'httpRequestHandlerAdapter' with a different definition: replacing [Root bean: class [null]; scope=; abstract=false; lazyInit=false; autowireMode=3; dependencyCheck=0; autowireCandidate=true; primary=false; factoryBeanName=org.springframework.boot.autoconfigure.web.WebMvcAutoConfiguration$EnableWebMvcConfiguration; factoryMethodName=httpRequestHandlerAdapter; initMethodName=null; destroyMethodName=(inferred); defined in class path resource [org/springframework/boot/autoconfigure/web/WebMvcAutoConfiguration$EnableWebMvcConfiguration.class]] with [Root bean: class [null]; scope=; abstract=false; lazyInit=false; autowireMode=3; dependencyCheck=0; autowireCandidate=true; primary=false; factoryBeanName=org.springframework.data.rest.webmvc.config.RepositoryRestMvcConfiguration; factoryMethodName=httpRequestHandlerAdapter; initMethodName=null; destroyMethodName=(inferred); defined in class path resource [org/springframework/data/rest/webmvc/config/RepositoryRestMvcConfiguration.class]] 
2019:07:18 12:11:52.249 INFO  : org.springframework.context.support.PostProcessorRegistrationDelegate$BeanPostProcessorChecker : Bean 'org.springframework.transaction.annotation.ProxyTransactionManagementConfiguration' of type [org.springframework.transaction.annotation.ProxyTransactionManagementConfiguration$$EnhancerBySpringCGLIB$$4f08f9e9] is not eligible for getting processed by all BeanPostProcessors (for example: not eligible for auto-proxying) 
2019:07:18 12:11:52.384 INFO  : org.springframework.context.support.PostProcessorRegistrationDelegate$BeanPostProcessorChecker : Bean 'security.oauth2.client-org.springframework.boot.autoconfigure.security.oauth2.OAuth2ClientProperties' of type [org.springframework.boot.autoconfigure.security.oauth2.OAuth2ClientProperties] is not eligible for getting processed by all BeanPostProcessors (for example: not eligible for auto-proxying) 
2019:07:18 12:11:52.390 INFO  : org.springframework.context.support.PostProcessorRegistrationDelegate$BeanPostProcessorChecker : Bean 'org.springframework.boot.autoconfigure.security.oauth2.OAuth2AutoConfiguration' of type [org.springframework.boot.autoconfigure.security.oauth2.OAuth2AutoConfiguration$$EnhancerBySpringCGLIB$$652b5e9] is not eligible for getting processed by all BeanPostProcessors (for example: not eligible for auto-proxying) 
2019:07:18 12:11:52.410 INFO  : org.springframework.context.support.PostProcessorRegistrationDelegate$BeanPostProcessorChecker : Bean 'resourceServerProperties' of type [org.springframework.boot.autoconfigure.security.oauth2.resource.ResourceServerProperties] is not eligible for getting processed by all BeanPostProcessors (for example: not eligible for auto-proxying) 
2019:07:18 12:11:52.752 INFO  : org.springframework.boot.context.embedded.tomcat.TomcatEmbeddedServletContainer : Tomcat initialized with port(s): 19100 (http) 
2019:07:18 12:11:52.772 INFO  : org.apache.juli.logging.DirectJDKLog : Initializing ProtocolHandler ["http-nio-19100"] 
2019:07:18 12:11:52.786 INFO  : org.apache.juli.logging.DirectJDKLog : Starting service [Tomcat] 
2019:07:18 12:11:52.786 INFO  : org.apache.juli.logging.DirectJDKLog : Starting Servlet Engine: Apache Tomcat/8.5.29 
2019:07:18 12:11:53.179 INFO  : org.apache.juli.logging.DirectJDKLog : At least one JAR was scanned for TLDs yet contained no TLDs. Enable debug logging for this logger for a complete list of JARs that were scanned but no TLDs were found in them. Skipping unneeded JARs during scanning can improve startup time and JSP compilation time. 
2019:07:18 12:11:53.188 INFO  : org.apache.juli.logging.DirectJDKLog : Initializing Spring embedded WebApplicationContext 
2019:07:18 12:11:53.189 INFO  : org.springframework.boot.context.embedded.EmbeddedWebApplicationContext : Root WebApplicationContext: initialization completed in 2829 ms 
2019:07:18 12:11:53.446 INFO  : org.springframework.boot.web.servlet.AbstractFilterRegistrationBean : Mapping filter: 'characterEncodingFilter' to: [/*] 
2019:07:18 12:11:53.447 INFO  : org.springframework.boot.web.servlet.AbstractFilterRegistrationBean : Mapping filter: 'hiddenHttpMethodFilter' to: [/*] 
2019:07:18 12:11:53.448 INFO  : org.springframework.boot.web.servlet.AbstractFilterRegistrationBean : Mapping filter: 'httpPutFormContentFilter' to: [/*] 
2019:07:18 12:11:53.448 INFO  : org.springframework.boot.web.servlet.AbstractFilterRegistrationBean : Mapping filter: 'requestContextFilter' to: [/*] 
2019:07:18 12:11:53.449 INFO  : org.springframework.boot.web.servlet.AbstractFilterRegistrationBean : Mapping filter: 'springSecurityFilterChain' to: [/*] 
2019:07:18 12:11:53.449 INFO  : org.springframework.boot.web.servlet.ServletRegistrationBean : Mapping servlet: 'dispatcherServlet' to [/] 
2019:07:18 12:11:53.861 INFO  : org.springframework.orm.jpa.LocalContainerEntityManagerFactoryBean : Building JPA container EntityManagerFactory for persistence unit 'default' 
2019:07:18 12:11:53.880 INFO  : org.hibernate.jpa.internal.util.LogHelper : HHH000204: Processing PersistenceUnitInfo [
	name: default
	...] 
2019:07:18 12:11:53.991 INFO  : org.hibernate.Version : HHH000412: Hibernate Core {5.2.16.Final} 
2019:07:18 12:11:53.994 INFO  : org.hibernate.cfg.Environment : HHH000206: hibernate.properties not found 
2019:07:18 12:11:54.066 INFO  : org.hibernate.annotations.common.reflection.java.JavaReflectionManager : HCANN000001: Hibernate Commons Annotations {5.0.1.Final} 
2019:07:18 12:11:54.643 INFO  : org.hibernate.dialect.Dialect : HHH000400: Using dialect: org.hibernate.dialect.MySQL5Dialect 
2019:07:18 12:11:55.565 INFO  : org.hibernate.tool.schema.internal.SchemaCreatorImpl : HHH000476: Executing import script 'org.hibernate.tool.schema.internal.exec.ScriptSourceInputNonExistentImpl@18026052' 
2019:07:18 12:11:55.570 INFO  : org.springframework.orm.jpa.AbstractEntityManagerFactoryBean : Initialized JPA EntityManagerFactory for persistence unit 'default' 
2019:07:18 12:11:55.601 INFO  : org.snubi.auth.AuthConst : ## BioEmrApiConfig for Code ## 
2019:07:18 12:11:55.602 INFO  : org.snubi.auth.AuthConst : ## codeServiceUrl ## [https://develop.snubi.org:19101/platform/code/category/in?system=bioemr,system,auth,common,xnet] 
2019:07:18 12:11:56.081 INFO  : org.snubi.auth.AuthConst : ## BioEmrAuthConst ## 
2019:07:18 12:11:56.082 INFO  : org.snubi.auth.AuthConst : ## BioEmrAuthConst # expire  # [36000000 (ms)] 
2019:07:18 12:11:56.082 INFO  : org.snubi.auth.AuthConst : ## BioEmrAuthConst # header  # [Authorization] 
2019:07:18 12:11:56.082 INFO  : org.snubi.auth.AuthConst : ## BioEmrAuthConst # token   # [Bearer ] 
2019:07:18 12:11:56.082 INFO  : org.snubi.auth.AuthConst : ## BioEmrAuthConst # code    # [https://develop.snubi.org:19101/platform/code/category/in?system=bioemr,system,auth,common,xnet] 
2019:07:18 12:11:56.502 INFO  : org.hibernate.hql.internal.QueryTranslatorFactoryInitiator : HHH000397: Using ASTQueryTranslatorFactory 
2019:07:18 12:11:57.824 INFO  : org.springframework.boot.autoconfigure.security.oauth2.authserver.OAuth2AuthorizationServerConfiguration$ClientDetailsLogger : Initialized OAuth2 Client

security.oauth2.client.client-id = snubi_user
security.oauth2.client.client-secret = dd754296-c6b4-4699-b7ec-39dd60826f19

 
2019:07:18 12:11:58.228 INFO  : org.springframework.web.servlet.handler.AbstractHandlerMethodMapping$MappingRegistry : Mapped "{[/oauth/authorize]}" onto public org.springframework.web.servlet.ModelAndView org.springframework.security.oauth2.provider.endpoint.AuthorizationEndpoint.authorize(java.util.Map<java.lang.String, java.lang.Object>,java.util.Map<java.lang.String, java.lang.String>,org.springframework.web.bind.support.SessionStatus,java.security.Principal) 
2019:07:18 12:11:58.229 INFO  : org.springframework.web.servlet.handler.AbstractHandlerMethodMapping$MappingRegistry : Mapped "{[/oauth/authorize],methods=[POST],params=[user_oauth_approval]}" onto public org.springframework.web.servlet.View org.springframework.security.oauth2.provider.endpoint.AuthorizationEndpoint.approveOrDeny(java.util.Map<java.lang.String, java.lang.String>,java.util.Map<java.lang.String, ?>,org.springframework.web.bind.support.SessionStatus,java.security.Principal) 
2019:07:18 12:11:58.231 INFO  : org.springframework.web.servlet.handler.AbstractHandlerMethodMapping$MappingRegistry : Mapped "{[/oauth/token],methods=[GET]}" onto public org.springframework.http.ResponseEntity<org.springframework.security.oauth2.common.OAuth2AccessToken> org.springframework.security.oauth2.provider.endpoint.TokenEndpoint.getAccessToken(java.security.Principal,java.util.Map<java.lang.String, java.lang.String>) throws org.springframework.web.HttpRequestMethodNotSupportedException 
2019:07:18 12:11:58.232 INFO  : org.springframework.web.servlet.handler.AbstractHandlerMethodMapping$MappingRegistry : Mapped "{[/oauth/token],methods=[POST]}" onto public org.springframework.http.ResponseEntity<org.springframework.security.oauth2.common.OAuth2AccessToken> org.springframework.security.oauth2.provider.endpoint.TokenEndpoint.postAccessToken(java.security.Principal,java.util.Map<java.lang.String, java.lang.String>) throws org.springframework.web.HttpRequestMethodNotSupportedException 
2019:07:18 12:11:58.233 INFO  : org.springframework.web.servlet.handler.AbstractHandlerMethodMapping$MappingRegistry : Mapped "{[/oauth/check_token]}" onto public java.util.Map<java.lang.String, ?> org.springframework.security.oauth2.provider.endpoint.CheckTokenEndpoint.checkToken(java.lang.String) 
2019:07:18 12:11:58.235 INFO  : org.springframework.web.servlet.handler.AbstractHandlerMethodMapping$MappingRegistry : Mapped "{[/oauth/confirm_access]}" onto public org.springframework.web.servlet.ModelAndView org.springframework.security.oauth2.provider.endpoint.WhitelabelApprovalEndpoint.getAccessConfirmation(java.util.Map<java.lang.String, java.lang.Object>,javax.servlet.http.HttpServletRequest) throws java.lang.Exception 
2019:07:18 12:11:58.236 INFO  : org.springframework.web.servlet.handler.AbstractHandlerMethodMapping$MappingRegistry : Mapped "{[/oauth/error]}" onto public org.springframework.web.servlet.ModelAndView org.springframework.security.oauth2.provider.endpoint.WhitelabelErrorEndpoint.handleError(javax.servlet.http.HttpServletRequest) 
2019:07:18 12:11:58.287 INFO  : org.springframework.security.web.DefaultSecurityFilterChain : Creating filter chain: Ant [pattern='/css/**'], [] 
2019:07:18 12:11:58.287 INFO  : org.springframework.security.web.DefaultSecurityFilterChain : Creating filter chain: Ant [pattern='/script/**'], [] 
2019:07:18 12:11:58.287 INFO  : org.springframework.security.web.DefaultSecurityFilterChain : Creating filter chain: Ant [pattern='/image/**'], [] 
2019:07:18 12:11:58.287 INFO  : org.springframework.security.web.DefaultSecurityFilterChain : Creating filter chain: Ant [pattern='/fonts/**'], [] 
2019:07:18 12:11:58.288 INFO  : org.springframework.security.web.DefaultSecurityFilterChain : Creating filter chain: Ant [pattern='/lib/**'], [] 
2019:07:18 12:11:58.425 INFO  : org.springframework.security.web.DefaultSecurityFilterChain : Creating filter chain: OrRequestMatcher [requestMatchers=[Ant [pattern='/oauth/token'], Ant [pattern='/oauth/token_key'], Ant [pattern='/oauth/check_token']]], [org.springframework.security.web.context.request.async.WebAsyncManagerIntegrationFilter@517bdce0, org.springframework.security.web.context.SecurityContextPersistenceFilter@7e1762e6, org.springframework.security.web.header.HeaderWriterFilter@29c80149, org.springframework.security.web.authentication.logout.LogoutFilter@2210e466, org.springframework.security.web.authentication.www.BasicAuthenticationFilter@64d93096, org.springframework.security.web.savedrequest.RequestCacheAwareFilter@67784537, org.springframework.security.web.servletapi.SecurityContextHolderAwareRequestFilter@11978f52, org.springframework.security.web.authentication.AnonymousAuthenticationFilter@7c0b0bd9, org.springframework.security.web.session.SessionManagementFilter@608b906d, org.springframework.security.web.access.ExceptionTranslationFilter@b144175, org.springframework.security.web.access.intercept.FilterSecurityInterceptor@416b681c] 
2019:07:18 12:11:58.518 INFO  : org.springframework.web.servlet.handler.AbstractHandlerMethodMapping$MappingRegistry : Mapped "{[/member],methods=[DELETE]}" onto public java.lang.String org.snubi.auth.member.controller.AuthMemberController.delete(org.snubi.auth.entity.AuthMember) 
2019:07:18 12:11:58.519 INFO  : org.springframework.web.servlet.handler.AbstractHandlerMethodMapping$MappingRegistry : Mapped "{[/join],methods=[POST]}" onto public java.lang.String org.snubi.auth.member.controller.AuthMemberController.create(org.snubi.auth.entity.AuthMemberSet) 
2019:07:18 12:11:58.521 INFO  : org.springframework.web.servlet.handler.AbstractHandlerMethodMapping$MappingRegistry : Mapped "{[/member/{id}],methods=[GET]}" onto public java.lang.String org.snubi.auth.member.controller.AuthMemberController.getMember(java.lang.String) 
2019:07:18 12:11:58.522 INFO  : org.springframework.web.servlet.handler.AbstractHandlerMethodMapping$MappingRegistry : Mapped "{[/member/count/organizationCode/departmentCode],methods=[GET]}" onto public java.lang.String org.snubi.auth.member.controller.AuthMemberController.getCountMemberDept() 
2019:07:18 12:11:58.522 INFO  : org.springframework.web.servlet.handler.AbstractHandlerMethodMapping$MappingRegistry : Mapped "{[/search/password/{id}/{mobile}/{name}],methods=[GET]}" onto public java.lang.String org.snubi.auth.member.controller.AuthMemberController.searchPasswordByName(java.lang.String,java.lang.String,java.lang.String) 
2019:07:18 12:11:58.523 INFO  : org.springframework.web.servlet.handler.AbstractHandlerMethodMapping$MappingRegistry : Mapped "{[/find/mobile/{mobile}/{name}],methods=[GET]}" onto public java.lang.String org.snubi.auth.member.controller.AuthMemberController.searchMemberByName(java.lang.String,java.lang.String) 
2019:07:18 12:11:58.524 INFO  : org.springframework.web.servlet.handler.AbstractHandlerMethodMapping$MappingRegistry : Mapped "{[/find/list/{system}/{organization}/{department}],methods=[GET]}" onto public java.lang.String org.snubi.auth.member.controller.AuthMemberController.getMemberListWithoutAuth(org.springframework.data.domain.Pageable,java.lang.String,java.lang.String,java.lang.String) 
2019:07:18 12:11:58.525 INFO  : org.springframework.web.servlet.handler.AbstractHandlerMethodMapping$MappingRegistry : Mapped "{[/find/email],methods=[GET]}" onto public java.lang.String org.snubi.auth.member.controller.AuthMemberController.searchMemberEmail(java.lang.String,java.lang.String,java.lang.String) 
2019:07:18 12:11:58.525 INFO  : org.springframework.web.servlet.handler.AbstractHandlerMethodMapping$MappingRegistry : Mapped "{[/find/password],methods=[GET]}" onto public java.lang.String org.snubi.auth.member.controller.AuthMemberController.searchMemberPassword(java.lang.String,java.lang.String,java.lang.String) 
2019:07:18 12:11:58.526 INFO  : org.springframework.web.servlet.handler.AbstractHandlerMethodMapping$MappingRegistry : Mapped "{[/member/count/organizationCode],methods=[GET]}" onto public java.lang.String org.snubi.auth.member.controller.AuthMemberController.getCountMemberOrg() 
2019:07:18 12:11:58.527 INFO  : org.springframework.web.servlet.handler.AbstractHandlerMethodMapping$MappingRegistry : Mapped "{[/member],methods=[PUT]}" onto public java.lang.String org.snubi.auth.member.controller.AuthMemberController.updateMember(org.snubi.auth.entity.AuthMemberSet) 
2019:07:18 12:11:58.527 INFO  : org.springframework.web.servlet.handler.AbstractHandlerMethodMapping$MappingRegistry : Mapped "{[/search/id/{id}],methods=[GET]}" onto public java.lang.String org.snubi.auth.member.controller.AuthMemberController.checkMember(java.lang.String) 
2019:07:18 12:11:58.529 INFO  : org.springframework.web.servlet.handler.AbstractHandlerMethodMapping$MappingRegistry : Mapped "{[/find/id/email/{id}/{email:.+}],methods=[GET]}" onto public java.lang.String org.snubi.auth.member.controller.AuthMemberController.checkMemberEmail(java.lang.String,java.lang.String) 
2019:07:18 12:11:58.530 INFO  : org.springframework.web.servlet.handler.AbstractHandlerMethodMapping$MappingRegistry : Mapped "{[/member/doctor/{id}],methods=[GET]}" onto public java.lang.String org.snubi.auth.member.controller.AuthMemberController.getDoctor(java.lang.String) 
2019:07:18 12:11:58.531 INFO  : org.springframework.web.servlet.handler.AbstractHandlerMethodMapping$MappingRegistry : Mapped "{[/member/list/{system}/{organization}/{department}],methods=[GET]}" onto public java.lang.String org.snubi.auth.member.controller.AuthMemberController.getMemberList(org.springframework.data.domain.Pageable,java.lang.String,java.lang.String,java.lang.String) 
2019:07:18 12:11:58.540 INFO  : org.springframework.web.servlet.handler.AbstractHandlerMethodMapping$MappingRegistry : Mapped "{[/error]}" onto public org.springframework.http.ResponseEntity<java.util.Map<java.lang.String, java.lang.Object>> org.springframework.boot.autoconfigure.web.BasicErrorController.error(javax.servlet.http.HttpServletRequest) 
2019:07:18 12:11:58.541 INFO  : org.springframework.web.servlet.handler.AbstractHandlerMethodMapping$MappingRegistry : Mapped "{[/error],produces=[text/html]}" onto public org.springframework.web.servlet.ModelAndView org.springframework.boot.autoconfigure.web.BasicErrorController.errorHtml(javax.servlet.http.HttpServletRequest,javax.servlet.http.HttpServletResponse) 
2019:07:18 12:11:58.600 INFO  : org.springframework.web.servlet.handler.AbstractUrlHandlerMapping : Mapped URL path [/webjars/**] onto handler of type [class org.springframework.web.servlet.resource.ResourceHttpRequestHandler] 
2019:07:18 12:11:58.601 INFO  : org.springframework.web.servlet.handler.AbstractUrlHandlerMapping : Mapped URL path [/**] onto handler of type [class org.springframework.web.servlet.resource.ResourceHttpRequestHandler] 
2019:07:18 12:11:58.630 INFO  : org.springframework.web.servlet.handler.AbstractUrlHandlerMapping : Mapped URL path [/**/favicon.ico] onto handler of type [class org.springframework.web.servlet.resource.ResourceHttpRequestHandler] 
2019:07:18 12:11:58.658 INFO  : org.springframework.web.servlet.handler.AbstractHandlerMethodMapping$MappingRegistry : Mapped "{[/{repository}/{id}],methods=[GET],produces=[application/hal+json || application/json]}" onto public org.springframework.http.ResponseEntity<org.springframework.hateoas.Resource<?>> org.springframework.data.rest.webmvc.RepositoryEntityController.getItemResource(org.springframework.data.rest.webmvc.RootResourceInformation,java.io.Serializable,org.springframework.data.rest.webmvc.PersistentEntityResourceAssembler,org.springframework.http.HttpHeaders) throws org.springframework.web.HttpRequestMethodNotSupportedException 
2019:07:18 12:11:58.659 INFO  : org.springframework.web.servlet.handler.AbstractHandlerMethodMapping$MappingRegistry : Mapped "{[/{repository}/{id}],methods=[PUT],produces=[application/hal+json || application/json]}" onto public org.springframework.http.ResponseEntity<? extends org.springframework.hateoas.ResourceSupport> org.springframework.data.rest.webmvc.RepositoryEntityController.putItemResource(org.springframework.data.rest.webmvc.RootResourceInformation,org.springframework.data.rest.webmvc.PersistentEntityResource,java.io.Serializable,org.springframework.data.rest.webmvc.PersistentEntityResourceAssembler,org.springframework.data.rest.webmvc.support.ETag,java.lang.String) throws org.springframework.web.HttpRequestMethodNotSupportedException 
2019:07:18 12:11:58.659 INFO  : org.springframework.web.servlet.handler.AbstractHandlerMethodMapping$MappingRegistry : Mapped "{[/{repository}],methods=[GET],produces=[application/x-spring-data-compact+json || text/uri-list]}" onto public org.springframework.hateoas.Resources<?> org.springframework.data.rest.webmvc.RepositoryEntityController.getCollectionResourceCompact(org.springframework.data.rest.webmvc.RootResourceInformation,org.springframework.data.rest.webmvc.support.DefaultedPageable,org.springframework.data.domain.Sort,org.springframework.data.rest.webmvc.PersistentEntityResourceAssembler) throws org.springframework.data.rest.webmvc.ResourceNotFoundException,org.springframework.web.HttpRequestMethodNotSupportedException 
2019:07:18 12:11:58.660 INFO  : org.springframework.web.servlet.handler.AbstractHandlerMethodMapping$MappingRegistry : Mapped "{[/{repository}],methods=[POST],produces=[application/hal+json || application/json]}" onto public org.springframework.http.ResponseEntity<org.springframework.hateoas.ResourceSupport> org.springframework.data.rest.webmvc.RepositoryEntityController.postCollectionResource(org.springframework.data.rest.webmvc.RootResourceInformation,org.springframework.data.rest.webmvc.PersistentEntityResource,org.springframework.data.rest.webmvc.PersistentEntityResourceAssembler,java.lang.String) throws org.springframework.web.HttpRequestMethodNotSupportedException 
2019:07:18 12:11:58.661 INFO  : org.springframework.web.servlet.handler.AbstractHandlerMethodMapping$MappingRegistry : Mapped "{[/{repository}/{id}],methods=[HEAD],produces=[application/hal+json || application/json]}" onto public org.springframework.http.ResponseEntity<?> org.springframework.data.rest.webmvc.RepositoryEntityController.headForItemResource(org.springframework.data.rest.webmvc.RootResourceInformation,java.io.Serializable,org.springframework.data.rest.webmvc.PersistentEntityResourceAssembler) throws org.springframework.web.HttpRequestMethodNotSupportedException 
2019:07:18 12:11:58.661 INFO  : org.springframework.web.servlet.handler.AbstractHandlerMethodMapping$MappingRegistry : Mapped "{[/{repository}/{id}],methods=[PATCH],produces=[application/hal+json || application/json]}" onto public org.springframework.http.ResponseEntity<org.springframework.hateoas.ResourceSupport> org.springframework.data.rest.webmvc.RepositoryEntityController.patchItemResource(org.springframework.data.rest.webmvc.RootResourceInformation,org.springframework.data.rest.webmvc.PersistentEntityResource,java.io.Serializable,org.springframework.data.rest.webmvc.PersistentEntityResourceAssembler,org.springframework.data.rest.webmvc.support.ETag,java.lang.String) throws org.springframework.web.HttpRequestMethodNotSupportedException,org.springframework.data.rest.webmvc.ResourceNotFoundException 
2019:07:18 12:11:58.662 INFO  : org.springframework.web.servlet.handler.AbstractHandlerMethodMapping$MappingRegistry : Mapped "{[/{repository}],methods=[GET],produces=[application/hal+json || application/json]}" onto public org.springframework.hateoas.Resources<?> org.springframework.data.rest.webmvc.RepositoryEntityController.getCollectionResource(org.springframework.data.rest.webmvc.RootResourceInformation,org.springframework.data.rest.webmvc.support.DefaultedPageable,org.springframework.data.domain.Sort,org.springframework.data.rest.webmvc.PersistentEntityResourceAssembler) throws org.springframework.data.rest.webmvc.ResourceNotFoundException,org.springframework.web.HttpRequestMethodNotSupportedException 
2019:07:18 12:11:58.662 INFO  : org.springframework.web.servlet.handler.AbstractHandlerMethodMapping$MappingRegistry : Mapped "{[/{repository}],methods=[HEAD],produces=[application/hal+json || application/json]}" onto public org.springframework.http.ResponseEntity<?> org.springframework.data.rest.webmvc.RepositoryEntityController.headCollectionResource(org.springframework.data.rest.webmvc.RootResourceInformation,org.springframework.data.rest.webmvc.support.DefaultedPageable) throws org.springframework.web.HttpRequestMethodNotSupportedException 
2019:07:18 12:11:58.663 INFO  : org.springframework.web.servlet.handler.AbstractHandlerMethodMapping$MappingRegistry : Mapped "{[/{repository}/{id}],methods=[DELETE],produces=[application/hal+json || application/json]}" onto public org.springframework.http.ResponseEntity<?> org.springframework.data.rest.webmvc.RepositoryEntityController.deleteItemResource(org.springframework.data.rest.webmvc.RootResourceInformation,java.io.Serializable,org.springframework.data.rest.webmvc.support.ETag) throws org.springframework.data.rest.webmvc.ResourceNotFoundException,org.springframework.web.HttpRequestMethodNotSupportedException 
2019:07:18 12:11:58.664 INFO  : org.springframework.web.servlet.handler.AbstractHandlerMethodMapping$MappingRegistry : Mapped "{[/{repository}],methods=[OPTIONS],produces=[application/hal+json || application/json]}" onto public org.springframework.http.ResponseEntity<?> org.springframework.data.rest.webmvc.RepositoryEntityController.optionsForCollectionResource(org.springframework.data.rest.webmvc.RootResourceInformation) 
2019:07:18 12:11:58.664 INFO  : org.springframework.web.servlet.handler.AbstractHandlerMethodMapping$MappingRegistry : Mapped "{[/{repository}/{id}],methods=[OPTIONS],produces=[application/hal+json || application/json]}" onto public org.springframework.http.ResponseEntity<?> org.springframework.data.rest.webmvc.RepositoryEntityController.optionsForItemResource(org.springframework.data.rest.webmvc.RootResourceInformation) 
2019:07:18 12:11:58.666 INFO  : org.springframework.web.servlet.handler.AbstractHandlerMethodMapping$MappingRegistry : Mapped "{[/{repository}/{id}/{property}],methods=[GET],produces=[application/hal+json || application/json]}" onto public org.springframework.http.ResponseEntity<org.springframework.hateoas.ResourceSupport> org.springframework.data.rest.webmvc.RepositoryPropertyReferenceController.followPropertyReference(org.springframework.data.rest.webmvc.RootResourceInformation,java.io.Serializable,java.lang.String,org.springframework.data.rest.webmvc.PersistentEntityResourceAssembler) throws java.lang.Exception 
2019:07:18 12:11:58.667 INFO  : org.springframework.web.servlet.handler.AbstractHandlerMethodMapping$MappingRegistry : Mapped "{[/{repository}/{id}/{property}/{propertyId}],methods=[GET],produces=[application/hal+json || application/json]}" onto public org.springframework.http.ResponseEntity<org.springframework.hateoas.ResourceSupport> org.springframework.data.rest.webmvc.RepositoryPropertyReferenceController.followPropertyReference(org.springframework.data.rest.webmvc.RootResourceInformation,java.io.Serializable,java.lang.String,java.lang.String,org.springframework.data.rest.webmvc.PersistentEntityResourceAssembler) throws java.lang.Exception 
2019:07:18 12:11:58.668 INFO  : org.springframework.web.servlet.handler.AbstractHandlerMethodMapping$MappingRegistry : Mapped "{[/{repository}/{id}/{property}],methods=[PATCH || PUT || POST],consumes=[application/json || application/x-spring-data-compact+json || text/uri-list],produces=[application/hal+json || application/json]}" onto public org.springframework.http.ResponseEntity<? extends org.springframework.hateoas.ResourceSupport> org.springframework.data.rest.webmvc.RepositoryPropertyReferenceController.createPropertyReference(org.springframework.data.rest.webmvc.RootResourceInformation,org.springframework.http.HttpMethod,org.springframework.hateoas.Resources<java.lang.Object>,java.io.Serializable,java.lang.String) throws java.lang.Exception 
2019:07:18 12:11:58.669 INFO  : org.springframework.web.servlet.handler.AbstractHandlerMethodMapping$MappingRegistry : Mapped "{[/{repository}/{id}/{property}],methods=[GET],produces=[application/x-spring-data-compact+json || text/uri-list]}" onto public org.springframework.http.ResponseEntity<org.springframework.hateoas.ResourceSupport> org.springframework.data.rest.webmvc.RepositoryPropertyReferenceController.followPropertyReferenceCompact(org.springframework.data.rest.webmvc.RootResourceInformation,java.io.Serializable,java.lang.String,org.springframework.data.rest.webmvc.PersistentEntityResourceAssembler) throws java.lang.Exception 
2019:07:18 12:11:58.669 INFO  : org.springframework.web.servlet.handler.AbstractHandlerMethodMapping$MappingRegistry : Mapped "{[/{repository}/{id}/{property}],methods=[DELETE],produces=[application/hal+json || application/json]}" onto public org.springframework.http.ResponseEntity<? extends org.springframework.hateoas.ResourceSupport> org.springframework.data.rest.webmvc.RepositoryPropertyReferenceController.deletePropertyReference(org.springframework.data.rest.webmvc.RootResourceInformation,java.io.Serializable,java.lang.String) throws java.lang.Exception 
2019:07:18 12:11:58.670 INFO  : org.springframework.web.servlet.handler.AbstractHandlerMethodMapping$MappingRegistry : Mapped "{[/{repository}/{id}/{property}/{propertyId}],methods=[DELETE],produces=[application/hal+json || application/json]}" onto public org.springframework.http.ResponseEntity<org.springframework.hateoas.ResourceSupport> org.springframework.data.rest.webmvc.RepositoryPropertyReferenceController.deletePropertyReferenceId(org.springframework.data.rest.webmvc.RootResourceInformation,java.io.Serializable,java.lang.String,java.lang.String) throws java.lang.Exception 
2019:07:18 12:11:58.671 INFO  : org.springframework.web.servlet.handler.AbstractHandlerMethodMapping$MappingRegistry : Mapped "{[/ || ],methods=[GET],produces=[application/hal+json || application/json]}" onto public org.springframework.http.HttpEntity<org.springframework.data.rest.webmvc.RepositoryLinksResource> org.springframework.data.rest.webmvc.RepositoryController.listRepositories() 
2019:07:18 12:11:58.671 INFO  : org.springframework.web.servlet.handler.AbstractHandlerMethodMapping$MappingRegistry : Mapped "{[/ || ],methods=[OPTIONS],produces=[application/hal+json || application/json]}" onto public org.springframework.http.HttpEntity<?> org.springframework.data.rest.webmvc.RepositoryController.optionsForRepositories() 
2019:07:18 12:11:58.672 INFO  : org.springframework.web.servlet.handler.AbstractHandlerMethodMapping$MappingRegistry : Mapped "{[/ || ],methods=[HEAD],produces=[application/hal+json || application/json]}" onto public org.springframework.http.ResponseEntity<?> org.springframework.data.rest.webmvc.RepositoryController.headForRepositories() 
2019:07:18 12:11:58.673 INFO  : org.springframework.web.servlet.handler.AbstractHandlerMethodMapping$MappingRegistry : Mapped "{[/{repository}/search],methods=[GET],produces=[application/hal+json || application/json]}" onto public org.springframework.data.rest.webmvc.RepositorySearchesResource org.springframework.data.rest.webmvc.RepositorySearchController.listSearches(org.springframework.data.rest.webmvc.RootResourceInformation) 
2019:07:18 12:11:58.674 INFO  : org.springframework.web.servlet.handler.AbstractHandlerMethodMapping$MappingRegistry : Mapped "{[/{repository}/search],methods=[HEAD],produces=[application/hal+json || application/json]}" onto public org.springframework.http.HttpEntity<?> org.springframework.data.rest.webmvc.RepositorySearchController.headForSearches(org.springframework.data.rest.webmvc.RootResourceInformation) 
2019:07:18 12:11:58.674 INFO  : org.springframework.web.servlet.handler.AbstractHandlerMethodMapping$MappingRegistry : Mapped "{[/{repository}/search/{search}],methods=[GET],produces=[application/hal+json || application/json]}" onto public org.springframework.http.ResponseEntity<?> org.springframework.data.rest.webmvc.RepositorySearchController.executeSearch(org.springframework.data.rest.webmvc.RootResourceInformation,org.springframework.util.MultiValueMap<java.lang.String, java.lang.Object>,java.lang.String,org.springframework.data.rest.webmvc.support.DefaultedPageable,org.springframework.data.domain.Sort,org.springframework.data.rest.webmvc.PersistentEntityResourceAssembler,org.springframework.http.HttpHeaders) 
2019:07:18 12:11:58.675 INFO  : org.springframework.web.servlet.handler.AbstractHandlerMethodMapping$MappingRegistry : Mapped "{[/{repository}/search/{search}],methods=[HEAD],produces=[application/hal+json || application/json]}" onto public org.springframework.http.ResponseEntity<java.lang.Object> org.springframework.data.rest.webmvc.RepositorySearchController.headForSearch(org.springframework.data.rest.webmvc.RootResourceInformation,java.lang.String) 
2019:07:18 12:11:58.675 INFO  : org.springframework.web.servlet.handler.AbstractHandlerMethodMapping$MappingRegistry : Mapped "{[/{repository}/search/{search}],methods=[OPTIONS],produces=[application/hal+json || application/json]}" onto public org.springframework.http.ResponseEntity<java.lang.Object> org.springframework.data.rest.webmvc.RepositorySearchController.optionsForSearch(org.springframework.data.rest.webmvc.RootResourceInformation,java.lang.String) 
2019:07:18 12:11:58.676 INFO  : org.springframework.web.servlet.handler.AbstractHandlerMethodMapping$MappingRegistry : Mapped "{[/{repository}/search/{search}],methods=[GET],produces=[application/x-spring-data-compact+json]}" onto public org.springframework.hateoas.ResourceSupport org.springframework.data.rest.webmvc.RepositorySearchController.executeSearchCompact(org.springframework.data.rest.webmvc.RootResourceInformation,org.springframework.http.HttpHeaders,org.springframework.util.MultiValueMap<java.lang.String, java.lang.Object>,java.lang.String,java.lang.String,org.springframework.data.rest.webmvc.support.DefaultedPageable,org.springframework.data.domain.Sort,org.springframework.data.rest.webmvc.PersistentEntityResourceAssembler) 
2019:07:18 12:11:58.677 INFO  : org.springframework.web.servlet.handler.AbstractHandlerMethodMapping$MappingRegistry : Mapped "{[/{repository}/search],methods=[OPTIONS],produces=[application/hal+json || application/json]}" onto public org.springframework.http.HttpEntity<?> org.springframework.data.rest.webmvc.RepositorySearchController.optionsForSearches(org.springframework.data.rest.webmvc.RootResourceInformation) 
2019:07:18 12:11:58.681 INFO  : org.springframework.web.servlet.handler.AbstractHandlerMethodMapping$MappingRegistry : Mapped "{[/profile],methods=[OPTIONS]}" onto public org.springframework.http.HttpEntity<?> org.springframework.data.rest.webmvc.ProfileController.profileOptions() 
2019:07:18 12:11:58.681 INFO  : org.springframework.web.servlet.handler.AbstractHandlerMethodMapping$MappingRegistry : Mapped "{[/profile],methods=[GET]}" onto org.springframework.http.HttpEntity<org.springframework.hateoas.ResourceSupport> org.springframework.data.rest.webmvc.ProfileController.listAllFormsOfMetadata() 
2019:07:18 12:11:58.682 INFO  : org.springframework.web.servlet.handler.AbstractHandlerMethodMapping$MappingRegistry : Mapped "{[/profile/{repository}],methods=[GET],produces=[application/alps+json || */*]}" onto org.springframework.http.HttpEntity<org.springframework.data.rest.webmvc.RootResourceInformation> org.springframework.data.rest.webmvc.alps.AlpsController.descriptor(org.springframework.data.rest.webmvc.RootResourceInformation) 
2019:07:18 12:11:58.683 INFO  : org.springframework.web.servlet.handler.AbstractHandlerMethodMapping$MappingRegistry : Mapped "{[/profile/{repository}],methods=[OPTIONS],produces=[application/alps+json]}" onto org.springframework.http.HttpEntity<?> org.springframework.data.rest.webmvc.alps.AlpsController.alpsOptions() 
2019:07:18 12:11:58.684 INFO  : org.springframework.web.servlet.handler.AbstractHandlerMethodMapping$MappingRegistry : Mapped "{[/profile/{repository}],methods=[GET],produces=[application/schema+json]}" onto public org.springframework.http.HttpEntity<org.springframework.data.rest.webmvc.json.JsonSchema> org.springframework.data.rest.webmvc.RepositorySchemaController.schema(org.springframework.data.rest.webmvc.RootResourceInformation) 
2019:07:18 12:11:58.689 INFO  : org.springframework.security.web.DefaultSecurityFilterChain : Creating filter chain: org.springframework.security.web.util.matcher.AnyRequestMatcher@1, [org.springframework.security.web.context.request.async.WebAsyncManagerIntegrationFilter@6de5ad56, org.springframework.security.web.context.SecurityContextPersistenceFilter@21e702b8, org.springframework.security.web.header.HeaderWriterFilter@22002459, org.springframework.web.filter.CorsFilter@3155f190, org.springframework.security.web.authentication.logout.LogoutFilter@1dc9f5ad, org.snubi.auth.security.filter.AuthJWTAuthenticationFilter@cfb94fd, org.snubi.auth.security.filter.AuthJWTAuthorizationFilter@4ebd8d2, org.springframework.security.web.savedrequest.RequestCacheAwareFilter@7f1fec57, org.springframework.security.web.servletapi.SecurityContextHolderAwareRequestFilter@5c9e3d01, org.springframework.security.web.authentication.AnonymousAuthenticationFilter@44a44a04, org.springframework.security.web.session.SessionManagementFilter@29bd056a, org.springframework.security.web.access.ExceptionTranslationFilter@4f82248f, org.springframework.security.web.access.intercept.FilterSecurityInterceptor@13f36d75] 
2019:07:18 12:11:58.713 INFO  : org.springframework.security.web.DefaultSecurityFilterChain : Creating filter chain: org.springframework.security.oauth2.config.annotation.web.configuration.ResourceServerConfiguration$NotOAuthRequestMatcher@4c02899, [org.springframework.security.web.context.request.async.WebAsyncManagerIntegrationFilter@5b895e76, org.springframework.security.web.context.SecurityContextPersistenceFilter@3a69014e, org.springframework.security.web.header.HeaderWriterFilter@5e05a706, org.springframework.security.web.authentication.logout.LogoutFilter@2270f58d, org.springframework.security.oauth2.provider.authentication.OAuth2AuthenticationProcessingFilter@12a0d249, org.springframework.security.web.savedrequest.RequestCacheAwareFilter@27746c5e, org.springframework.security.web.servletapi.SecurityContextHolderAwareRequestFilter@543ac221, org.springframework.security.web.authentication.AnonymousAuthenticationFilter@74231642, org.springframework.security.web.session.SessionManagementFilter@7831d1aa, org.springframework.security.web.access.ExceptionTranslationFilter@3395c2a7, org.springframework.security.web.access.intercept.FilterSecurityInterceptor@24435620] 
2019:07:18 12:11:59.143 INFO  : org.springframework.web.servlet.mvc.method.annotation.RequestMappingHandlerAdapter : Looking for @ControllerAdvice: org.springframework.boot.context.embedded.AnnotationConfigEmbeddedWebApplicationContext@3ce1e309: startup date [Thu Jul 18 12:11:50 KST 2019]; root of context hierarchy 
2019:07:18 12:11:59.256 INFO  : org.springframework.web.servlet.mvc.method.annotation.ExceptionHandlerExceptionResolver : Detected @ExceptionHandler methods in repositoryRestExceptionHandler 
2019:07:18 12:11:59.515 INFO  : org.springframework.web.servlet.mvc.method.annotation.RequestMappingHandlerAdapter : Looking for @ControllerAdvice: org.springframework.boot.context.embedded.AnnotationConfigEmbeddedWebApplicationContext@3ce1e309: startup date [Thu Jul 18 12:11:50 KST 2019]; root of context hierarchy 
2019:07:18 12:11:59.728 INFO  : org.springframework.jmx.export.MBeanExporter : Registering beans for JMX exposure on startup 
2019:07:18 12:11:59.752 INFO  : org.apache.juli.logging.DirectJDKLog : Starting ProtocolHandler ["http-nio-19100"] 
2019:07:18 12:11:59.776 INFO  : org.apache.juli.logging.DirectJDKLog : Using a shared selector for servlet write/read 
2019:07:18 12:11:59.807 INFO  : org.springframework.boot.context.embedded.tomcat.TomcatEmbeddedServletContainer : Tomcat started on port(s): 19100 (http) 
2019:07:18 12:11:59.813 INFO  : org.springframework.boot.StartupInfoLogger : Started AuthApplication in 9.842 seconds (JVM running for 11.096) 
2019:07:18 12:12:06.025 INFO  : org.springframework.boot.admin.SpringApplicationAdminMXBeanRegistrar$SpringApplicationAdmin : Application shutdown requested. 
2019:07:18 12:12:06.026 INFO  : org.springframework.context.support.AbstractApplicationContext : Closing org.springframework.boot.context.embedded.AnnotationConfigEmbeddedWebApplicationContext@3ce1e309: startup date [Thu Jul 18 12:11:50 KST 2019]; root of context hierarchy 
2019:07:18 12:12:06.032 INFO  : org.springframework.jmx.export.MBeanExporter : Unregistering JMX-exposed beans on shutdown 
2019:07:18 12:12:06.038 INFO  : org.springframework.orm.jpa.AbstractEntityManagerFactoryBean : Closing JPA EntityManagerFactory for persistence unit 'default' 
