2021:12:22 08:51:52.593 INFO  : org.springframework.boot.StartupInfoLogger : Starting AuthApplication on DESKTOP-VJ7PMMN with PID 8528 (C:\workspace\auth\target\classes started by xanit in C:\workspace\auth) 
2021:12:22 08:51:52.609 INFO  : org.springframework.boot.SpringApplication : The following profiles are active: local.mysql 
2021:12:22 08:51:52.671 INFO  : org.springframework.context.support.AbstractApplicationContext : Refreshing org.springframework.boot.context.embedded.AnnotationConfigEmbeddedWebApplicationContext@3ce1e309: startup date [Wed Dec 22 08:51:52 KST 2021]; root of context hierarchy 
2021:12:22 08:51:52.859 INFO  : org.hibernate.validator.internal.util.Version : HV000001: Hibernate Validator 5.3.6.Final 
2021:12:22 08:51:54.808 INFO  : org.springframework.beans.factory.support.DefaultListableBeanFactory : Overriding bean definition for bean 'httpRequestHandlerAdapter' with a different definition: replacing [Root bean: class [null]; scope=; abstract=false; lazyInit=false; autowireMode=3; dependencyCheck=0; autowireCandidate=true; primary=false; factoryBeanName=org.springframework.boot.autoconfigure.web.WebMvcAutoConfiguration$EnableWebMvcConfiguration; factoryMethodName=httpRequestHandlerAdapter; initMethodName=null; destroyMethodName=(inferred); defined in class path resource [org/springframework/boot/autoconfigure/web/WebMvcAutoConfiguration$EnableWebMvcConfiguration.class]] with [Root bean: class [null]; scope=; abstract=false; lazyInit=false; autowireMode=3; dependencyCheck=0; autowireCandidate=true; primary=false; factoryBeanName=org.springframework.data.rest.webmvc.config.RepositoryRestMvcConfiguration; factoryMethodName=httpRequestHandlerAdapter; initMethodName=null; destroyMethodName=(inferred); defined in class path resource [org/springframework/data/rest/webmvc/config/RepositoryRestMvcConfiguration.class]] 
2021:12:22 08:51:56.273 INFO  : org.springframework.context.support.PostProcessorRegistrationDelegate$BeanPostProcessorChecker : Bean 'org.springframework.transaction.annotation.ProxyTransactionManagementConfiguration' of type [org.springframework.transaction.annotation.ProxyTransactionManagementConfiguration$$EnhancerBySpringCGLIB$$4dea40e7] is not eligible for getting processed by all BeanPostProcessors (for example: not eligible for auto-proxying) 
2021:12:22 08:51:56.703 INFO  : org.springframework.context.support.PostProcessorRegistrationDelegate$BeanPostProcessorChecker : Bean 'security.oauth2.client-org.springframework.boot.autoconfigure.security.oauth2.OAuth2ClientProperties' of type [org.springframework.boot.autoconfigure.security.oauth2.OAuth2ClientProperties] is not eligible for getting processed by all BeanPostProcessors (for example: not eligible for auto-proxying) 
2021:12:22 08:51:56.717 INFO  : org.springframework.context.support.PostProcessorRegistrationDelegate$BeanPostProcessorChecker : Bean 'org.springframework.boot.autoconfigure.security.oauth2.OAuth2AutoConfiguration' of type [org.springframework.boot.autoconfigure.security.oauth2.OAuth2AutoConfiguration$$EnhancerBySpringCGLIB$$533fce7] is not eligible for getting processed by all BeanPostProcessors (for example: not eligible for auto-proxying) 
2021:12:22 08:51:56.771 INFO  : org.springframework.context.support.PostProcessorRegistrationDelegate$BeanPostProcessorChecker : Bean 'resourceServerProperties' of type [org.springframework.boot.autoconfigure.security.oauth2.resource.ResourceServerProperties] is not eligible for getting processed by all BeanPostProcessors (for example: not eligible for auto-proxying) 
2021:12:22 08:51:57.633 INFO  : org.springframework.boot.context.embedded.tomcat.TomcatEmbeddedServletContainer : Tomcat initialized with port(s): 19100 (http) 
2021:12:22 08:51:57.678 INFO  : org.apache.juli.logging.DirectJDKLog : Initializing ProtocolHandler ["http-nio-19100"] 
2021:12:22 08:51:57.693 INFO  : org.apache.juli.logging.DirectJDKLog : Starting service [Tomcat] 
2021:12:22 08:51:57.694 INFO  : org.apache.juli.logging.DirectJDKLog : Starting Servlet Engine: Apache Tomcat/8.5.29 
2021:12:22 08:51:58.348 INFO  : org.apache.juli.logging.DirectJDKLog : At least one JAR was scanned for TLDs yet contained no TLDs. Enable debug logging for this logger for a complete list of JARs that were scanned but no TLDs were found in them. Skipping unneeded JARs during scanning can improve startup time and JSP compilation time. 
2021:12:22 08:51:58.366 INFO  : org.apache.juli.logging.DirectJDKLog : Initializing Spring embedded WebApplicationContext 
2021:12:22 08:51:58.367 INFO  : org.springframework.boot.context.embedded.EmbeddedWebApplicationContext : Root WebApplicationContext: initialization completed in 5696 ms 
2021:12:22 08:51:59.023 INFO  : org.springframework.boot.web.servlet.AbstractFilterRegistrationBean : Mapping filter: 'characterEncodingFilter' to: [/*] 
2021:12:22 08:51:59.023 INFO  : org.springframework.boot.web.servlet.AbstractFilterRegistrationBean : Mapping filter: 'hiddenHttpMethodFilter' to: [/*] 
2021:12:22 08:51:59.023 INFO  : org.springframework.boot.web.servlet.AbstractFilterRegistrationBean : Mapping filter: 'httpPutFormContentFilter' to: [/*] 
2021:12:22 08:51:59.023 INFO  : org.springframework.boot.web.servlet.AbstractFilterRegistrationBean : Mapping filter: 'requestContextFilter' to: [/*] 
2021:12:22 08:51:59.023 INFO  : org.springframework.boot.web.servlet.AbstractFilterRegistrationBean : Mapping filter: 'springSecurityFilterChain' to: [/*] 
2021:12:22 08:51:59.023 INFO  : org.springframework.boot.web.servlet.AbstractFilterRegistrationBean : Mapping filter: 'requestFilter' to urls: [/*] 
2021:12:22 08:51:59.023 INFO  : org.springframework.boot.web.servlet.ServletRegistrationBean : Mapping servlet: 'dispatcherServlet' to [/] 
2021:12:22 08:51:59.867 INFO  : org.springframework.orm.jpa.LocalContainerEntityManagerFactoryBean : Building JPA container EntityManagerFactory for persistence unit 'default' 
2021:12:22 08:51:59.898 INFO  : org.hibernate.jpa.internal.util.LogHelper : HHH000204: Processing PersistenceUnitInfo [
	name: default
	...] 
2021:12:22 08:52:00.070 INFO  : org.hibernate.Version : HHH000412: Hibernate Core {5.2.16.Final} 
2021:12:22 08:52:00.070 INFO  : org.hibernate.cfg.Environment : HHH000206: hibernate.properties not found 
2021:12:22 08:52:00.179 INFO  : org.hibernate.annotations.common.reflection.java.JavaReflectionManager : HCANN000001: Hibernate Commons Annotations {5.0.1.Final} 
2021:12:22 08:52:01.108 INFO  : org.hibernate.dialect.Dialect : HHH000400: Using dialect: org.hibernate.dialect.MySQL5Dialect 
2021:12:22 08:52:02.648 INFO  : org.springframework.orm.jpa.AbstractEntityManagerFactoryBean : Initialized JPA EntityManagerFactory for persistence unit 'default' 
2021:12:22 08:52:03.515 INFO  : org.hibernate.hql.internal.QueryTranslatorFactoryInitiator : HHH000397: Using ASTQueryTranslatorFactory 
2021:12:22 08:52:03.921 INFO  : org.snubi.auth.AuthConst : ## AuthConfig for Code ## 
2021:12:22 08:52:03.938 INFO  : org.snubi.auth.AuthConst : ## codeServiceUrl ## [http://localhost:19101/platform/code/category/in?system=bioemr,system,auth,common,xnet,avatar] 
2021:12:22 08:52:08.023 INFO  : org.snubi.auth.AuthConst : 코드가 없습니다. 재시도 합니다. 
2021:12:22 08:52:08.023 INFO  : org.snubi.auth.AuthConst : ## AuthConfig for Code ## 
2021:12:22 08:52:08.023 INFO  : org.snubi.auth.AuthConst : ## codeServiceUrl ## [http://localhost:19101/platform/code/category/in?system=bioemr,system,auth,common,xnet,avatar] 
2021:12:22 08:52:12.424 INFO  : org.snubi.auth.AuthConst : 코드가 없습니다. 재시도 합니다. 
2021:12:22 08:52:12.425 INFO  : org.snubi.auth.AuthConst : ## AuthConfig for Code ## 
2021:12:22 08:52:12.425 INFO  : org.snubi.auth.AuthConst : ## codeServiceUrl ## [http://localhost:19101/platform/code/category/in?system=bioemr,system,auth,common,xnet,avatar] 
2021:12:22 08:52:16.626 INFO  : org.snubi.auth.AuthConst : 코드가 없습니다. 재시도 합니다. 
2021:12:22 08:52:16.627 INFO  : org.snubi.auth.AuthConst : ## AuthConfig for Code ## 
2021:12:22 08:52:16.627 INFO  : org.snubi.auth.AuthConst : ## codeServiceUrl ## [http://localhost:19101/platform/code/category/in?system=bioemr,system,auth,common,xnet,avatar] 
2021:12:22 08:52:21.510 INFO  : org.snubi.auth.AuthConst : 코드가 없습니다. 재시도 합니다. 
2021:12:22 08:52:21.511 INFO  : org.snubi.auth.AuthConst : ## AuthConfig for Code ## 
2021:12:22 08:52:21.511 INFO  : org.snubi.auth.AuthConst : ## codeServiceUrl ## [http://localhost:19101/platform/code/category/in?system=bioemr,system,auth,common,xnet,avatar] 
2021:12:22 08:52:25.617 INFO  : org.snubi.auth.AuthConst : 코드가 없습니다. 재시도 합니다. 
2021:12:22 08:52:25.617 INFO  : org.snubi.auth.AuthConst : ## AuthConfig for Code ## 
2021:12:22 08:52:25.617 INFO  : org.snubi.auth.AuthConst : ## codeServiceUrl ## [http://localhost:19101/platform/code/category/in?system=bioemr,system,auth,common,xnet,avatar] 
2021:12:22 08:52:29.717 INFO  : org.snubi.auth.AuthConst : 코드가 없습니다. 재시도 합니다. 
2021:12:22 08:52:29.718 INFO  : org.snubi.auth.AuthConst : ## AuthConfig for Code ## 
2021:12:22 08:52:29.718 INFO  : org.snubi.auth.AuthConst : ## codeServiceUrl ## [http://localhost:19101/platform/code/category/in?system=bioemr,system,auth,common,xnet,avatar] 
2021:12:22 08:52:33.726 INFO  : org.snubi.auth.AuthConst : 코드가 없습니다. 재시도 합니다. 
2021:12:22 08:52:33.726 INFO  : org.snubi.auth.AuthConst : ## AuthConfig for Code ## 
2021:12:22 08:52:33.726 INFO  : org.snubi.auth.AuthConst : ## codeServiceUrl ## [http://localhost:19101/platform/code/category/in?system=bioemr,system,auth,common,xnet,avatar] 
2021:12:22 08:52:37.905 INFO  : org.snubi.auth.AuthConst : 코드가 없습니다. 재시도 합니다. 
2021:12:22 08:52:37.905 INFO  : org.snubi.auth.AuthConst : ## AuthConfig for Code ## 
2021:12:22 08:52:37.905 INFO  : org.snubi.auth.AuthConst : ## codeServiceUrl ## [http://localhost:19101/platform/code/category/in?system=bioemr,system,auth,common,xnet,avatar] 
2021:12:22 08:52:42.197 INFO  : org.snubi.auth.AuthConst : 코드가 없습니다. 재시도 합니다. 
2021:12:22 08:52:42.197 INFO  : org.snubi.auth.AuthConst : ## AuthConfig for Code ## 
2021:12:22 08:52:42.197 INFO  : org.snubi.auth.AuthConst : ## codeServiceUrl ## [http://localhost:19101/platform/code/category/in?system=bioemr,system,auth,common,xnet,avatar] 
2021:12:22 08:52:46.212 INFO  : org.snubi.auth.AuthConst : 코드가 없습니다. 재시도 합니다. 
2021:12:22 08:52:46.212 INFO  : org.snubi.auth.AuthConst : ## AuthConfig for Code ## 
2021:12:22 08:52:46.212 INFO  : org.snubi.auth.AuthConst : ## codeServiceUrl ## [http://localhost:19101/platform/code/category/in?system=bioemr,system,auth,common,xnet,avatar] 
2021:12:22 08:52:47.327 INFO  : org.snubi.auth.AuthConst : ## BioEmrAuthConst ## 
2021:12:22 08:52:47.327 INFO  : org.snubi.auth.AuthConst : ## BioEmrAuthConst # expire  # [36000000 (ms)] 
2021:12:22 08:52:47.328 INFO  : org.snubi.auth.AuthConst : ## BioEmrAuthConst # header  # [Authorization] 
2021:12:22 08:52:47.328 INFO  : org.snubi.auth.AuthConst : ## BioEmrAuthConst # token   # [Bearer] 
2021:12:22 08:52:47.328 INFO  : org.snubi.auth.AuthConst : ## BioEmrAuthConst # code    # [http://localhost:19101/platform/code/category/in?system=bioemr,system,auth,common,xnet,avatar] 
2021:12:22 08:52:47.328 INFO  : org.snubi.auth.AuthConst : ## BioEmrAuthConst ## 
2021:12:22 08:52:47.329 INFO  : org.snubi.auth.AuthConst : ## BioEmrAuthConst # expire  # [36000000 (ms)] 
2021:12:22 08:52:47.329 INFO  : org.snubi.auth.AuthConst : ## BioEmrAuthConst # header  # [Authorization] 
2021:12:22 08:52:47.329 INFO  : org.snubi.auth.AuthConst : ## BioEmrAuthConst # token   # [Bearer] 
2021:12:22 08:52:47.329 INFO  : org.snubi.auth.AuthConst : ## BioEmrAuthConst # code    # [http://localhost:19101/platform/code/category/in?system=bioemr,system,auth,common,xnet,avatar] 
2021:12:22 08:52:47.329 INFO  : org.snubi.auth.AuthConst : ## BioEmrAuthConst ## 
2021:12:22 08:52:47.329 INFO  : org.snubi.auth.AuthConst : ## BioEmrAuthConst # expire  # [36000000 (ms)] 
2021:12:22 08:52:47.330 INFO  : org.snubi.auth.AuthConst : ## BioEmrAuthConst # header  # [Authorization] 
2021:12:22 08:52:47.330 INFO  : org.snubi.auth.AuthConst : ## BioEmrAuthConst # token   # [Bearer] 
2021:12:22 08:52:47.330 INFO  : org.snubi.auth.AuthConst : ## BioEmrAuthConst # code    # [http://localhost:19101/platform/code/category/in?system=bioemr,system,auth,common,xnet,avatar] 
2021:12:22 08:52:47.330 INFO  : org.snubi.auth.AuthConst : ## BioEmrAuthConst ## 
2021:12:22 08:52:47.330 INFO  : org.snubi.auth.AuthConst : ## BioEmrAuthConst # expire  # [36000000 (ms)] 
2021:12:22 08:52:47.331 INFO  : org.snubi.auth.AuthConst : ## BioEmrAuthConst # header  # [Authorization] 
2021:12:22 08:52:47.331 INFO  : org.snubi.auth.AuthConst : ## BioEmrAuthConst # token   # [Bearer] 
2021:12:22 08:52:47.331 INFO  : org.snubi.auth.AuthConst : ## BioEmrAuthConst # code    # [http://localhost:19101/platform/code/category/in?system=bioemr,system,auth,common,xnet,avatar] 
2021:12:22 08:52:47.331 INFO  : org.snubi.auth.AuthConst : ## BioEmrAuthConst ## 
2021:12:22 08:52:47.332 INFO  : org.snubi.auth.AuthConst : ## BioEmrAuthConst # expire  # [36000000 (ms)] 
2021:12:22 08:52:47.332 INFO  : org.snubi.auth.AuthConst : ## BioEmrAuthConst # header  # [Authorization] 
2021:12:22 08:52:47.332 INFO  : org.snubi.auth.AuthConst : ## BioEmrAuthConst # token   # [Bearer] 
2021:12:22 08:52:47.332 INFO  : org.snubi.auth.AuthConst : ## BioEmrAuthConst # code    # [http://localhost:19101/platform/code/category/in?system=bioemr,system,auth,common,xnet,avatar] 
2021:12:22 08:52:47.332 INFO  : org.snubi.auth.AuthConst : ## BioEmrAuthConst ## 
2021:12:22 08:52:47.333 INFO  : org.snubi.auth.AuthConst : ## BioEmrAuthConst # expire  # [36000000 (ms)] 
2021:12:22 08:52:47.333 INFO  : org.snubi.auth.AuthConst : ## BioEmrAuthConst # header  # [Authorization] 
2021:12:22 08:52:47.333 INFO  : org.snubi.auth.AuthConst : ## BioEmrAuthConst # token   # [Bearer] 
2021:12:22 08:52:47.333 INFO  : org.snubi.auth.AuthConst : ## BioEmrAuthConst # code    # [http://localhost:19101/platform/code/category/in?system=bioemr,system,auth,common,xnet,avatar] 
2021:12:22 08:52:47.333 INFO  : org.snubi.auth.AuthConst : ## BioEmrAuthConst ## 
2021:12:22 08:52:47.333 INFO  : org.snubi.auth.AuthConst : ## BioEmrAuthConst # expire  # [36000000 (ms)] 
2021:12:22 08:52:47.334 INFO  : org.snubi.auth.AuthConst : ## BioEmrAuthConst # header  # [Authorization] 
2021:12:22 08:52:47.334 INFO  : org.snubi.auth.AuthConst : ## BioEmrAuthConst # token   # [Bearer] 
2021:12:22 08:52:47.334 INFO  : org.snubi.auth.AuthConst : ## BioEmrAuthConst # code    # [http://localhost:19101/platform/code/category/in?system=bioemr,system,auth,common,xnet,avatar] 
2021:12:22 08:52:47.334 INFO  : org.snubi.auth.AuthConst : ## BioEmrAuthConst ## 
2021:12:22 08:52:47.334 INFO  : org.snubi.auth.AuthConst : ## BioEmrAuthConst # expire  # [36000000 (ms)] 
2021:12:22 08:52:47.334 INFO  : org.snubi.auth.AuthConst : ## BioEmrAuthConst # header  # [Authorization] 
2021:12:22 08:52:47.335 INFO  : org.snubi.auth.AuthConst : ## BioEmrAuthConst # token   # [Bearer] 
2021:12:22 08:52:47.335 INFO  : org.snubi.auth.AuthConst : ## BioEmrAuthConst # code    # [http://localhost:19101/platform/code/category/in?system=bioemr,system,auth,common,xnet,avatar] 
2021:12:22 08:52:47.335 INFO  : org.snubi.auth.AuthConst : ## BioEmrAuthConst ## 
2021:12:22 08:52:47.335 INFO  : org.snubi.auth.AuthConst : ## BioEmrAuthConst # expire  # [36000000 (ms)] 
2021:12:22 08:52:47.335 INFO  : org.snubi.auth.AuthConst : ## BioEmrAuthConst # header  # [Authorization] 
2021:12:22 08:52:47.335 INFO  : org.snubi.auth.AuthConst : ## BioEmrAuthConst # token   # [Bearer] 
2021:12:22 08:52:47.336 INFO  : org.snubi.auth.AuthConst : ## BioEmrAuthConst # code    # [http://localhost:19101/platform/code/category/in?system=bioemr,system,auth,common,xnet,avatar] 
2021:12:22 08:52:47.336 INFO  : org.snubi.auth.AuthConst : ## BioEmrAuthConst ## 
2021:12:22 08:52:47.336 INFO  : org.snubi.auth.AuthConst : ## BioEmrAuthConst # expire  # [36000000 (ms)] 
2021:12:22 08:52:47.336 INFO  : org.snubi.auth.AuthConst : ## BioEmrAuthConst # header  # [Authorization] 
2021:12:22 08:52:47.336 INFO  : org.snubi.auth.AuthConst : ## BioEmrAuthConst # token   # [Bearer] 
2021:12:22 08:52:47.337 INFO  : org.snubi.auth.AuthConst : ## BioEmrAuthConst # code    # [http://localhost:19101/platform/code/category/in?system=bioemr,system,auth,common,xnet,avatar] 
2021:12:22 08:52:47.337 INFO  : org.snubi.auth.AuthConst : ## BioEmrAuthConst ## 
2021:12:22 08:52:47.337 INFO  : org.snubi.auth.AuthConst : ## BioEmrAuthConst # expire  # [36000000 (ms)] 
2021:12:22 08:52:47.337 INFO  : org.snubi.auth.AuthConst : ## BioEmrAuthConst # header  # [Authorization] 
2021:12:22 08:52:47.337 INFO  : org.snubi.auth.AuthConst : ## BioEmrAuthConst # token   # [Bearer] 
2021:12:22 08:52:47.338 INFO  : org.snubi.auth.AuthConst : ## BioEmrAuthConst # code    # [http://localhost:19101/platform/code/category/in?system=bioemr,system,auth,common,xnet,avatar] 
2021:12:22 08:52:50.025 INFO  : org.springframework.boot.autoconfigure.security.oauth2.authserver.OAuth2AuthorizationServerConfiguration$ClientDetailsLogger : Initialized OAuth2 Client

security.oauth2.client.client-id = snubi_user
security.oauth2.client.client-secret = ddcf9130-1ca2-4885-bb3a-c91d3bb05b33

 
2021:12:22 08:52:50.814 INFO  : org.springframework.web.servlet.handler.AbstractHandlerMethodMapping$MappingRegistry : Mapped "{[/oauth/authorize],methods=[POST],params=[user_oauth_approval]}" onto public org.springframework.web.servlet.View org.springframework.security.oauth2.provider.endpoint.AuthorizationEndpoint.approveOrDeny(java.util.Map<java.lang.String, java.lang.String>,java.util.Map<java.lang.String, ?>,org.springframework.web.bind.support.SessionStatus,java.security.Principal) 
2021:12:22 08:52:50.814 INFO  : org.springframework.web.servlet.handler.AbstractHandlerMethodMapping$MappingRegistry : Mapped "{[/oauth/authorize]}" onto public org.springframework.web.servlet.ModelAndView org.springframework.security.oauth2.provider.endpoint.AuthorizationEndpoint.authorize(java.util.Map<java.lang.String, java.lang.Object>,java.util.Map<java.lang.String, java.lang.String>,org.springframework.web.bind.support.SessionStatus,java.security.Principal) 
2021:12:22 08:52:50.830 INFO  : org.springframework.web.servlet.handler.AbstractHandlerMethodMapping$MappingRegistry : Mapped "{[/oauth/token],methods=[GET]}" onto public org.springframework.http.ResponseEntity<org.springframework.security.oauth2.common.OAuth2AccessToken> org.springframework.security.oauth2.provider.endpoint.TokenEndpoint.getAccessToken(java.security.Principal,java.util.Map<java.lang.String, java.lang.String>) throws org.springframework.web.HttpRequestMethodNotSupportedException 
2021:12:22 08:52:50.830 INFO  : org.springframework.web.servlet.handler.AbstractHandlerMethodMapping$MappingRegistry : Mapped "{[/oauth/token],methods=[POST]}" onto public org.springframework.http.ResponseEntity<org.springframework.security.oauth2.common.OAuth2AccessToken> org.springframework.security.oauth2.provider.endpoint.TokenEndpoint.postAccessToken(java.security.Principal,java.util.Map<java.lang.String, java.lang.String>) throws org.springframework.web.HttpRequestMethodNotSupportedException 
2021:12:22 08:52:50.830 INFO  : org.springframework.web.servlet.handler.AbstractHandlerMethodMapping$MappingRegistry : Mapped "{[/oauth/check_token]}" onto public java.util.Map<java.lang.String, ?> org.springframework.security.oauth2.provider.endpoint.CheckTokenEndpoint.checkToken(java.lang.String) 
2021:12:22 08:52:50.830 INFO  : org.springframework.web.servlet.handler.AbstractHandlerMethodMapping$MappingRegistry : Mapped "{[/oauth/confirm_access]}" onto public org.springframework.web.servlet.ModelAndView org.springframework.security.oauth2.provider.endpoint.WhitelabelApprovalEndpoint.getAccessConfirmation(java.util.Map<java.lang.String, java.lang.Object>,javax.servlet.http.HttpServletRequest) throws java.lang.Exception 
2021:12:22 08:52:50.846 INFO  : org.springframework.web.servlet.handler.AbstractHandlerMethodMapping$MappingRegistry : Mapped "{[/oauth/error]}" onto public org.springframework.web.servlet.ModelAndView org.springframework.security.oauth2.provider.endpoint.WhitelabelErrorEndpoint.handleError(javax.servlet.http.HttpServletRequest) 
2021:12:22 08:52:50.986 INFO  : org.springframework.security.web.DefaultSecurityFilterChain : Creating filter chain: Ant [pattern='/css/**'], [] 
2021:12:22 08:52:50.986 INFO  : org.springframework.security.web.DefaultSecurityFilterChain : Creating filter chain: Ant [pattern='/script/**'], [] 
2021:12:22 08:52:51.002 INFO  : org.springframework.security.web.DefaultSecurityFilterChain : Creating filter chain: Ant [pattern='/image/**'], [] 
2021:12:22 08:52:51.002 INFO  : org.springframework.security.web.DefaultSecurityFilterChain : Creating filter chain: Ant [pattern='/fonts/**'], [] 
2021:12:22 08:52:51.002 INFO  : org.springframework.security.web.DefaultSecurityFilterChain : Creating filter chain: Ant [pattern='/lib/**'], [] 
2021:12:22 08:52:51.330 INFO  : org.springframework.security.web.DefaultSecurityFilterChain : Creating filter chain: OrRequestMatcher [requestMatchers=[Ant [pattern='/oauth/token'], Ant [pattern='/oauth/token_key'], Ant [pattern='/oauth/check_token']]], [org.springframework.security.web.context.request.async.WebAsyncManagerIntegrationFilter@609ad016, org.springframework.security.web.context.SecurityContextPersistenceFilter@5977bdea, org.springframework.security.web.header.HeaderWriterFilter@43fbc2bf, org.springframework.security.web.authentication.logout.LogoutFilter@3494a35e, org.springframework.security.web.authentication.www.BasicAuthenticationFilter@6371c5ec, org.springframework.security.web.savedrequest.RequestCacheAwareFilter@2f4545c6, org.springframework.security.web.servletapi.SecurityContextHolderAwareRequestFilter@7f8cd5fc, org.springframework.security.web.authentication.AnonymousAuthenticationFilter@da9374c, org.springframework.security.web.session.SessionManagementFilter@5e2718b3, org.springframework.security.web.access.ExceptionTranslationFilter@bcd9ed6, org.springframework.security.web.access.intercept.FilterSecurityInterceptor@8dbf0f2] 
2021:12:22 08:52:51.458 INFO  : org.springframework.web.servlet.handler.AbstractHandlerMethodMapping$MappingRegistry : Mapped "{[/admin/user/list],methods=[GET]}" onto public java.lang.String org.snubi.auth.admin.controller.AdminController.getUserList(org.springframework.data.domain.Pageable,java.lang.String,java.lang.String,java.lang.String,java.lang.String,java.util.List<java.lang.String>,java.util.List<java.lang.String>) 
2021:12:22 08:52:51.474 INFO  : org.springframework.web.servlet.handler.AbstractHandlerMethodMapping$MappingRegistry : Mapped "{[/member],methods=[DELETE]}" onto public java.lang.String org.snubi.auth.member.controller.AuthMemberController.delete(org.snubi.auth.entity.AuthMember) 
2021:12:22 08:52:51.474 INFO  : org.springframework.web.servlet.handler.AbstractHandlerMethodMapping$MappingRegistry : Mapped "{[/join],methods=[POST]}" onto public java.lang.String org.snubi.auth.member.controller.AuthMemberController.create(org.snubi.auth.entity.AuthMemberSet) 
2021:12:22 08:52:51.490 INFO  : org.springframework.web.servlet.handler.AbstractHandlerMethodMapping$MappingRegistry : Mapped "{[/member/{id}],methods=[GET]}" onto public java.lang.String org.snubi.auth.member.controller.AuthMemberController.getMember(java.lang.String) 
2021:12:22 08:52:51.490 INFO  : org.springframework.web.servlet.handler.AbstractHandlerMethodMapping$MappingRegistry : Mapped "{[/member/count/organizationCode],methods=[GET]}" onto public java.lang.String org.snubi.auth.member.controller.AuthMemberController.getCountMemberOrg() 
2021:12:22 08:52:51.490 INFO  : org.springframework.web.servlet.handler.AbstractHandlerMethodMapping$MappingRegistry : Mapped "{[/find/mobile/{mobile}/{name}],methods=[GET]}" onto public java.lang.String org.snubi.auth.member.controller.AuthMemberController.searchMemberByName(java.lang.String,java.lang.String) 
2021:12:22 08:52:51.490 INFO  : org.springframework.web.servlet.handler.AbstractHandlerMethodMapping$MappingRegistry : Mapped "{[/find/list/{system}/{organization}/{department}],methods=[GET]}" onto public java.lang.String org.snubi.auth.member.controller.AuthMemberController.getMemberListWithoutAuth(org.springframework.data.domain.Pageable,java.lang.String,java.lang.String,java.lang.String) 
2021:12:22 08:52:51.490 INFO  : org.springframework.web.servlet.handler.AbstractHandlerMethodMapping$MappingRegistry : Mapped "{[/member/count/organizationCode/departmentCode],methods=[GET]}" onto public java.lang.String org.snubi.auth.member.controller.AuthMemberController.getCountMemberDept() 
2021:12:22 08:52:51.490 INFO  : org.springframework.web.servlet.handler.AbstractHandlerMethodMapping$MappingRegistry : Mapped "{[/find/email],methods=[GET]}" onto public java.lang.String org.snubi.auth.member.controller.AuthMemberController.searchMemberEmail(java.lang.String,java.lang.String,java.lang.String) 
2021:12:22 08:52:51.505 INFO  : org.springframework.web.servlet.handler.AbstractHandlerMethodMapping$MappingRegistry : Mapped "{[/find/password],methods=[GET]}" onto public java.lang.String org.snubi.auth.member.controller.AuthMemberController.searchMemberPassword(java.lang.String,java.lang.String,java.lang.String) 
2021:12:22 08:52:51.505 INFO  : org.springframework.web.servlet.handler.AbstractHandlerMethodMapping$MappingRegistry : Mapped "{[/find/password/{id}/{mobile}/{name}],methods=[GET]}" onto public java.lang.String org.snubi.auth.member.controller.AuthMemberController.findPasswordByName(java.lang.String,java.lang.String,java.lang.String) 
2021:12:22 08:52:51.505 INFO  : org.springframework.web.servlet.handler.AbstractHandlerMethodMapping$MappingRegistry : Mapped "{[/search/password/{id}/{mobile}/{name}],methods=[GET]}" onto public java.lang.String org.snubi.auth.member.controller.AuthMemberController.searchPasswordByName(java.lang.String,java.lang.String,java.lang.String) 
2021:12:22 08:52:51.505 INFO  : org.springframework.web.servlet.handler.AbstractHandlerMethodMapping$MappingRegistry : Mapped "{[/member/doctor/{id}],methods=[GET]}" onto public java.lang.String org.snubi.auth.member.controller.AuthMemberController.getDoctor(java.lang.String) 
2021:12:22 08:52:51.521 INFO  : org.springframework.web.servlet.handler.AbstractHandlerMethodMapping$MappingRegistry : Mapped "{[/member],methods=[PUT]}" onto public java.lang.String org.snubi.auth.member.controller.AuthMemberController.updateMember(org.snubi.auth.entity.AuthMemberSet) 
2021:12:22 08:52:51.521 INFO  : org.springframework.web.servlet.handler.AbstractHandlerMethodMapping$MappingRegistry : Mapped "{[/search/id/{id}],methods=[GET]}" onto public java.lang.String org.snubi.auth.member.controller.AuthMemberController.checkMember(java.lang.String) 
2021:12:22 08:52:51.521 INFO  : org.springframework.web.servlet.handler.AbstractHandlerMethodMapping$MappingRegistry : Mapped "{[/find/id/{id}],methods=[GET]}" onto public java.lang.String org.snubi.auth.member.controller.AuthMemberController.searchID(java.lang.String) 
2021:12:22 08:52:51.521 INFO  : org.springframework.web.servlet.handler.AbstractHandlerMethodMapping$MappingRegistry : Mapped "{[/find/email/{email}],methods=[GET]}" onto public java.lang.String org.snubi.auth.member.controller.AuthMemberController.searchEmail(java.lang.String) 
2021:12:22 08:52:51.537 INFO  : org.springframework.web.servlet.handler.AbstractHandlerMethodMapping$MappingRegistry : Mapped "{[/member/list/{system}/{organization}/{department}],methods=[GET]}" onto public java.lang.String org.snubi.auth.member.controller.AuthMemberController.getMemberList(org.springframework.data.domain.Pageable,java.lang.String,java.lang.String,java.lang.String) 
2021:12:22 08:52:51.537 INFO  : org.springframework.web.servlet.handler.AbstractHandlerMethodMapping$MappingRegistry : Mapped "{[/find/id/email/{id}/{email:.+}],methods=[GET]}" onto public java.lang.String org.snubi.auth.member.controller.AuthMemberController.checkMemberEmail(java.lang.String,java.lang.String) 
2021:12:22 08:52:51.552 INFO  : org.springframework.web.servlet.handler.AbstractHandlerMethodMapping$MappingRegistry : Mapped "{[/error]}" onto public org.springframework.http.ResponseEntity<java.util.Map<java.lang.String, java.lang.Object>> org.springframework.boot.autoconfigure.web.BasicErrorController.error(javax.servlet.http.HttpServletRequest) 
2021:12:22 08:52:51.552 INFO  : org.springframework.web.servlet.handler.AbstractHandlerMethodMapping$MappingRegistry : Mapped "{[/error],produces=[text/html]}" onto public org.springframework.web.servlet.ModelAndView org.springframework.boot.autoconfigure.web.BasicErrorController.errorHtml(javax.servlet.http.HttpServletRequest,javax.servlet.http.HttpServletResponse) 
2021:12:22 08:52:51.708 INFO  : org.springframework.web.servlet.handler.AbstractUrlHandlerMapping : Mapped URL path [/webjars/**] onto handler of type [class org.springframework.web.servlet.resource.ResourceHttpRequestHandler] 
2021:12:22 08:52:51.708 INFO  : org.springframework.web.servlet.handler.AbstractUrlHandlerMapping : Mapped URL path [/**] onto handler of type [class org.springframework.web.servlet.resource.ResourceHttpRequestHandler] 
2021:12:22 08:52:51.755 INFO  : org.springframework.web.servlet.handler.AbstractUrlHandlerMapping : Mapped URL path [/**/favicon.ico] onto handler of type [class org.springframework.web.servlet.resource.ResourceHttpRequestHandler] 
2021:12:22 08:52:51.786 INFO  : org.springframework.boot.autoconfigure.web.WebMvcAutoConfiguration$WelcomePageHandlerMapping : Adding welcome page: class path resource [static/index.html] 
2021:12:22 08:52:51.802 INFO  : org.springframework.web.servlet.handler.AbstractHandlerMethodMapping$MappingRegistry : Mapped "{[/{repository}],methods=[POST],produces=[application/hal+json || application/json]}" onto public org.springframework.http.ResponseEntity<org.springframework.hateoas.ResourceSupport> org.springframework.data.rest.webmvc.RepositoryEntityController.postCollectionResource(org.springframework.data.rest.webmvc.RootResourceInformation,org.springframework.data.rest.webmvc.PersistentEntityResource,org.springframework.data.rest.webmvc.PersistentEntityResourceAssembler,java.lang.String) throws org.springframework.web.HttpRequestMethodNotSupportedException 
2021:12:22 08:52:51.802 INFO  : org.springframework.web.servlet.handler.AbstractHandlerMethodMapping$MappingRegistry : Mapped "{[/{repository}/{id}],methods=[OPTIONS],produces=[application/hal+json || application/json]}" onto public org.springframework.http.ResponseEntity<?> org.springframework.data.rest.webmvc.RepositoryEntityController.optionsForItemResource(org.springframework.data.rest.webmvc.RootResourceInformation) 
2021:12:22 08:52:51.802 INFO  : org.springframework.web.servlet.handler.AbstractHandlerMethodMapping$MappingRegistry : Mapped "{[/{repository}/{id}],methods=[HEAD],produces=[application/hal+json || application/json]}" onto public org.springframework.http.ResponseEntity<?> org.springframework.data.rest.webmvc.RepositoryEntityController.headForItemResource(org.springframework.data.rest.webmvc.RootResourceInformation,java.io.Serializable,org.springframework.data.rest.webmvc.PersistentEntityResourceAssembler) throws org.springframework.web.HttpRequestMethodNotSupportedException 
2021:12:22 08:52:51.802 INFO  : org.springframework.web.servlet.handler.AbstractHandlerMethodMapping$MappingRegistry : Mapped "{[/{repository}/{id}],methods=[PATCH],produces=[application/hal+json || application/json]}" onto public org.springframework.http.ResponseEntity<org.springframework.hateoas.ResourceSupport> org.springframework.data.rest.webmvc.RepositoryEntityController.patchItemResource(org.springframework.data.rest.webmvc.RootResourceInformation,org.springframework.data.rest.webmvc.PersistentEntityResource,java.io.Serializable,org.springframework.data.rest.webmvc.PersistentEntityResourceAssembler,org.springframework.data.rest.webmvc.support.ETag,java.lang.String) throws org.springframework.web.HttpRequestMethodNotSupportedException,org.springframework.data.rest.webmvc.ResourceNotFoundException 
2021:12:22 08:52:51.802 INFO  : org.springframework.web.servlet.handler.AbstractHandlerMethodMapping$MappingRegistry : Mapped "{[/{repository}/{id}],methods=[DELETE],produces=[application/hal+json || application/json]}" onto public org.springframework.http.ResponseEntity<?> org.springframework.data.rest.webmvc.RepositoryEntityController.deleteItemResource(org.springframework.data.rest.webmvc.RootResourceInformation,java.io.Serializable,org.springframework.data.rest.webmvc.support.ETag) throws org.springframework.data.rest.webmvc.ResourceNotFoundException,org.springframework.web.HttpRequestMethodNotSupportedException 
2021:12:22 08:52:51.818 INFO  : org.springframework.web.servlet.handler.AbstractHandlerMethodMapping$MappingRegistry : Mapped "{[/{repository}],methods=[GET],produces=[application/x-spring-data-compact+json || text/uri-list]}" onto public org.springframework.hateoas.Resources<?> org.springframework.data.rest.webmvc.RepositoryEntityController.getCollectionResourceCompact(org.springframework.data.rest.webmvc.RootResourceInformation,org.springframework.data.rest.webmvc.support.DefaultedPageable,org.springframework.data.domain.Sort,org.springframework.data.rest.webmvc.PersistentEntityResourceAssembler) throws org.springframework.data.rest.webmvc.ResourceNotFoundException,org.springframework.web.HttpRequestMethodNotSupportedException 
2021:12:22 08:52:51.818 INFO  : org.springframework.web.servlet.handler.AbstractHandlerMethodMapping$MappingRegistry : Mapped "{[/{repository}],methods=[GET],produces=[application/hal+json || application/json]}" onto public org.springframework.hateoas.Resources<?> org.springframework.data.rest.webmvc.RepositoryEntityController.getCollectionResource(org.springframework.data.rest.webmvc.RootResourceInformation,org.springframework.data.rest.webmvc.support.DefaultedPageable,org.springframework.data.domain.Sort,org.springframework.data.rest.webmvc.PersistentEntityResourceAssembler) throws org.springframework.data.rest.webmvc.ResourceNotFoundException,org.springframework.web.HttpRequestMethodNotSupportedException 
2021:12:22 08:52:51.818 INFO  : org.springframework.web.servlet.handler.AbstractHandlerMethodMapping$MappingRegistry : Mapped "{[/{repository}],methods=[HEAD],produces=[application/hal+json || application/json]}" onto public org.springframework.http.ResponseEntity<?> org.springframework.data.rest.webmvc.RepositoryEntityController.headCollectionResource(org.springframework.data.rest.webmvc.RootResourceInformation,org.springframework.data.rest.webmvc.support.DefaultedPageable) throws org.springframework.web.HttpRequestMethodNotSupportedException 
2021:12:22 08:52:51.818 INFO  : org.springframework.web.servlet.handler.AbstractHandlerMethodMapping$MappingRegistry : Mapped "{[/{repository}],methods=[OPTIONS],produces=[application/hal+json || application/json]}" onto public org.springframework.http.ResponseEntity<?> org.springframework.data.rest.webmvc.RepositoryEntityController.optionsForCollectionResource(org.springframework.data.rest.webmvc.RootResourceInformation) 
2021:12:22 08:52:51.818 INFO  : org.springframework.web.servlet.handler.AbstractHandlerMethodMapping$MappingRegistry : Mapped "{[/{repository}/{id}],methods=[PUT],produces=[application/hal+json || application/json]}" onto public org.springframework.http.ResponseEntity<? extends org.springframework.hateoas.ResourceSupport> org.springframework.data.rest.webmvc.RepositoryEntityController.putItemResource(org.springframework.data.rest.webmvc.RootResourceInformation,org.springframework.data.rest.webmvc.PersistentEntityResource,java.io.Serializable,org.springframework.data.rest.webmvc.PersistentEntityResourceAssembler,org.springframework.data.rest.webmvc.support.ETag,java.lang.String) throws org.springframework.web.HttpRequestMethodNotSupportedException 
2021:12:22 08:52:51.818 INFO  : org.springframework.web.servlet.handler.AbstractHandlerMethodMapping$MappingRegistry : Mapped "{[/{repository}/{id}],methods=[GET],produces=[application/hal+json || application/json]}" onto public org.springframework.http.ResponseEntity<org.springframework.hateoas.Resource<?>> org.springframework.data.rest.webmvc.RepositoryEntityController.getItemResource(org.springframework.data.rest.webmvc.RootResourceInformation,java.io.Serializable,org.springframework.data.rest.webmvc.PersistentEntityResourceAssembler,org.springframework.http.HttpHeaders) throws org.springframework.web.HttpRequestMethodNotSupportedException 
2021:12:22 08:52:51.833 INFO  : org.springframework.web.servlet.handler.AbstractHandlerMethodMapping$MappingRegistry : Mapped "{[/{repository}/{id}/{property}],methods=[GET],produces=[application/hal+json || application/json]}" onto public org.springframework.http.ResponseEntity<org.springframework.hateoas.ResourceSupport> org.springframework.data.rest.webmvc.RepositoryPropertyReferenceController.followPropertyReference(org.springframework.data.rest.webmvc.RootResourceInformation,java.io.Serializable,java.lang.String,org.springframework.data.rest.webmvc.PersistentEntityResourceAssembler) throws java.lang.Exception 
2021:12:22 08:52:51.833 INFO  : org.springframework.web.servlet.handler.AbstractHandlerMethodMapping$MappingRegistry : Mapped "{[/{repository}/{id}/{property}/{propertyId}],methods=[GET],produces=[application/hal+json || application/json]}" onto public org.springframework.http.ResponseEntity<org.springframework.hateoas.ResourceSupport> org.springframework.data.rest.webmvc.RepositoryPropertyReferenceController.followPropertyReference(org.springframework.data.rest.webmvc.RootResourceInformation,java.io.Serializable,java.lang.String,java.lang.String,org.springframework.data.rest.webmvc.PersistentEntityResourceAssembler) throws java.lang.Exception 
2021:12:22 08:52:51.833 INFO  : org.springframework.web.servlet.handler.AbstractHandlerMethodMapping$MappingRegistry : Mapped "{[/{repository}/{id}/{property}/{propertyId}],methods=[DELETE],produces=[application/hal+json || application/json]}" onto public org.springframework.http.ResponseEntity<org.springframework.hateoas.ResourceSupport> org.springframework.data.rest.webmvc.RepositoryPropertyReferenceController.deletePropertyReferenceId(org.springframework.data.rest.webmvc.RootResourceInformation,java.io.Serializable,java.lang.String,java.lang.String) throws java.lang.Exception 
2021:12:22 08:52:51.833 INFO  : org.springframework.web.servlet.handler.AbstractHandlerMethodMapping$MappingRegistry : Mapped "{[/{repository}/{id}/{property}],methods=[PATCH || PUT || POST],consumes=[application/json || application/x-spring-data-compact+json || text/uri-list],produces=[application/hal+json || application/json]}" onto public org.springframework.http.ResponseEntity<? extends org.springframework.hateoas.ResourceSupport> org.springframework.data.rest.webmvc.RepositoryPropertyReferenceController.createPropertyReference(org.springframework.data.rest.webmvc.RootResourceInformation,org.springframework.http.HttpMethod,org.springframework.hateoas.Resources<java.lang.Object>,java.io.Serializable,java.lang.String) throws java.lang.Exception 
2021:12:22 08:52:51.849 INFO  : org.springframework.web.servlet.handler.AbstractHandlerMethodMapping$MappingRegistry : Mapped "{[/{repository}/{id}/{property}],methods=[DELETE],produces=[application/hal+json || application/json]}" onto public org.springframework.http.ResponseEntity<? extends org.springframework.hateoas.ResourceSupport> org.springframework.data.rest.webmvc.RepositoryPropertyReferenceController.deletePropertyReference(org.springframework.data.rest.webmvc.RootResourceInformation,java.io.Serializable,java.lang.String) throws java.lang.Exception 
2021:12:22 08:52:51.849 INFO  : org.springframework.web.servlet.handler.AbstractHandlerMethodMapping$MappingRegistry : Mapped "{[/{repository}/{id}/{property}],methods=[GET],produces=[application/x-spring-data-compact+json || text/uri-list]}" onto public org.springframework.http.ResponseEntity<org.springframework.hateoas.ResourceSupport> org.springframework.data.rest.webmvc.RepositoryPropertyReferenceController.followPropertyReferenceCompact(org.springframework.data.rest.webmvc.RootResourceInformation,java.io.Serializable,java.lang.String,org.springframework.data.rest.webmvc.PersistentEntityResourceAssembler) throws java.lang.Exception 
2021:12:22 08:52:51.849 INFO  : org.springframework.web.servlet.handler.AbstractHandlerMethodMapping$MappingRegistry : Mapped "{[/ || ],methods=[GET],produces=[application/hal+json || application/json]}" onto public org.springframework.http.HttpEntity<org.springframework.data.rest.webmvc.RepositoryLinksResource> org.springframework.data.rest.webmvc.RepositoryController.listRepositories() 
2021:12:22 08:52:51.849 INFO  : org.springframework.web.servlet.handler.AbstractHandlerMethodMapping$MappingRegistry : Mapped "{[/ || ],methods=[OPTIONS],produces=[application/hal+json || application/json]}" onto public org.springframework.http.HttpEntity<?> org.springframework.data.rest.webmvc.RepositoryController.optionsForRepositories() 
2021:12:22 08:52:51.865 INFO  : org.springframework.web.servlet.handler.AbstractHandlerMethodMapping$MappingRegistry : Mapped "{[/ || ],methods=[HEAD],produces=[application/hal+json || application/json]}" onto public org.springframework.http.ResponseEntity<?> org.springframework.data.rest.webmvc.RepositoryController.headForRepositories() 
2021:12:22 08:52:51.865 INFO  : org.springframework.web.servlet.handler.AbstractHandlerMethodMapping$MappingRegistry : Mapped "{[/{repository}/search],methods=[HEAD],produces=[application/hal+json || application/json]}" onto public org.springframework.http.HttpEntity<?> org.springframework.data.rest.webmvc.RepositorySearchController.headForSearches(org.springframework.data.rest.webmvc.RootResourceInformation) 
2021:12:22 08:52:51.865 INFO  : org.springframework.web.servlet.handler.AbstractHandlerMethodMapping$MappingRegistry : Mapped "{[/{repository}/search],methods=[GET],produces=[application/hal+json || application/json]}" onto public org.springframework.data.rest.webmvc.RepositorySearchesResource org.springframework.data.rest.webmvc.RepositorySearchController.listSearches(org.springframework.data.rest.webmvc.RootResourceInformation) 
2021:12:22 08:52:51.865 INFO  : org.springframework.web.servlet.handler.AbstractHandlerMethodMapping$MappingRegistry : Mapped "{[/{repository}/search/{search}],methods=[GET],produces=[application/hal+json || application/json]}" onto public org.springframework.http.ResponseEntity<?> org.springframework.data.rest.webmvc.RepositorySearchController.executeSearch(org.springframework.data.rest.webmvc.RootResourceInformation,org.springframework.util.MultiValueMap<java.lang.String, java.lang.Object>,java.lang.String,org.springframework.data.rest.webmvc.support.DefaultedPageable,org.springframework.data.domain.Sort,org.springframework.data.rest.webmvc.PersistentEntityResourceAssembler,org.springframework.http.HttpHeaders) 
2021:12:22 08:52:51.865 INFO  : org.springframework.web.servlet.handler.AbstractHandlerMethodMapping$MappingRegistry : Mapped "{[/{repository}/search/{search}],methods=[HEAD],produces=[application/hal+json || application/json]}" onto public org.springframework.http.ResponseEntity<java.lang.Object> org.springframework.data.rest.webmvc.RepositorySearchController.headForSearch(org.springframework.data.rest.webmvc.RootResourceInformation,java.lang.String) 
2021:12:22 08:52:51.865 INFO  : org.springframework.web.servlet.handler.AbstractHandlerMethodMapping$MappingRegistry : Mapped "{[/{repository}/search/{search}],methods=[OPTIONS],produces=[application/hal+json || application/json]}" onto public org.springframework.http.ResponseEntity<java.lang.Object> org.springframework.data.rest.webmvc.RepositorySearchController.optionsForSearch(org.springframework.data.rest.webmvc.RootResourceInformation,java.lang.String) 
2021:12:22 08:52:51.865 INFO  : org.springframework.web.servlet.handler.AbstractHandlerMethodMapping$MappingRegistry : Mapped "{[/{repository}/search],methods=[OPTIONS],produces=[application/hal+json || application/json]}" onto public org.springframework.http.HttpEntity<?> org.springframework.data.rest.webmvc.RepositorySearchController.optionsForSearches(org.springframework.data.rest.webmvc.RootResourceInformation) 
2021:12:22 08:52:51.865 INFO  : org.springframework.web.servlet.handler.AbstractHandlerMethodMapping$MappingRegistry : Mapped "{[/{repository}/search/{search}],methods=[GET],produces=[application/x-spring-data-compact+json]}" onto public org.springframework.hateoas.ResourceSupport org.springframework.data.rest.webmvc.RepositorySearchController.executeSearchCompact(org.springframework.data.rest.webmvc.RootResourceInformation,org.springframework.http.HttpHeaders,org.springframework.util.MultiValueMap<java.lang.String, java.lang.Object>,java.lang.String,java.lang.String,org.springframework.data.rest.webmvc.support.DefaultedPageable,org.springframework.data.domain.Sort,org.springframework.data.rest.webmvc.PersistentEntityResourceAssembler) 
2021:12:22 08:52:51.880 INFO  : org.springframework.web.servlet.handler.AbstractHandlerMethodMapping$MappingRegistry : Mapped "{[/profile],methods=[OPTIONS]}" onto public org.springframework.http.HttpEntity<?> org.springframework.data.rest.webmvc.ProfileController.profileOptions() 
2021:12:22 08:52:51.880 INFO  : org.springframework.web.servlet.handler.AbstractHandlerMethodMapping$MappingRegistry : Mapped "{[/profile],methods=[GET]}" onto org.springframework.http.HttpEntity<org.springframework.hateoas.ResourceSupport> org.springframework.data.rest.webmvc.ProfileController.listAllFormsOfMetadata() 
2021:12:22 08:52:51.880 INFO  : org.springframework.web.servlet.handler.AbstractHandlerMethodMapping$MappingRegistry : Mapped "{[/profile/{repository}],methods=[GET],produces=[application/alps+json || */*]}" onto org.springframework.http.HttpEntity<org.springframework.data.rest.webmvc.RootResourceInformation> org.springframework.data.rest.webmvc.alps.AlpsController.descriptor(org.springframework.data.rest.webmvc.RootResourceInformation) 
2021:12:22 08:52:51.880 INFO  : org.springframework.web.servlet.handler.AbstractHandlerMethodMapping$MappingRegistry : Mapped "{[/profile/{repository}],methods=[OPTIONS],produces=[application/alps+json]}" onto org.springframework.http.HttpEntity<?> org.springframework.data.rest.webmvc.alps.AlpsController.alpsOptions() 
2021:12:22 08:52:51.880 INFO  : org.springframework.web.servlet.handler.AbstractHandlerMethodMapping$MappingRegistry : Mapped "{[/profile/{repository}],methods=[GET],produces=[application/schema+json]}" onto public org.springframework.http.HttpEntity<org.springframework.data.rest.webmvc.json.JsonSchema> org.springframework.data.rest.webmvc.RepositorySchemaController.schema(org.springframework.data.rest.webmvc.RootResourceInformation) 
2021:12:22 08:52:51.911 INFO  : org.springframework.security.web.DefaultSecurityFilterChain : Creating filter chain: org.springframework.security.web.util.matcher.AnyRequestMatcher@1, [org.springframework.security.web.context.request.async.WebAsyncManagerIntegrationFilter@2e9dcdd3, org.springframework.security.web.context.SecurityContextPersistenceFilter@3661b732, org.springframework.security.web.header.HeaderWriterFilter@7acb5200, org.springframework.web.filter.CorsFilter@6e617c0e, org.springframework.security.web.authentication.logout.LogoutFilter@491cc0eb, org.snubi.auth.security.filter.AuthJWTAuthenticationFilter@9a07409, org.snubi.auth.security.filter.AuthJWTAuthorizationFilter@7455204c, org.springframework.security.web.savedrequest.RequestCacheAwareFilter@5111f814, org.springframework.security.web.servletapi.SecurityContextHolderAwareRequestFilter@71eafb64, org.springframework.security.web.authentication.AnonymousAuthenticationFilter@34e68840, org.springframework.security.web.session.SessionManagementFilter@3d50a3d9, org.springframework.security.web.access.ExceptionTranslationFilter@50e6ee24, org.springframework.security.web.access.intercept.FilterSecurityInterceptor@5065bdac] 
2021:12:22 08:52:51.981 INFO  : org.springframework.security.web.DefaultSecurityFilterChain : Creating filter chain: org.springframework.security.oauth2.config.annotation.web.configuration.ResourceServerConfiguration$NotOAuthRequestMatcher@1aca6dc3, [org.springframework.security.web.context.request.async.WebAsyncManagerIntegrationFilter@3731e8b6, org.springframework.security.web.context.SecurityContextPersistenceFilter@2674ca88, org.springframework.security.web.header.HeaderWriterFilter@35f22eef, org.springframework.security.web.authentication.logout.LogoutFilter@1eb52131, org.springframework.security.oauth2.provider.authentication.OAuth2AuthenticationProcessingFilter@1ef5cde4, org.springframework.security.web.savedrequest.RequestCacheAwareFilter@67a3dd86, org.springframework.security.web.servletapi.SecurityContextHolderAwareRequestFilter@430212cb, org.springframework.security.web.authentication.AnonymousAuthenticationFilter@565efd7d, org.springframework.security.web.session.SessionManagementFilter@5d20195b, org.springframework.security.web.access.ExceptionTranslationFilter@782dc5, org.springframework.security.web.access.intercept.FilterSecurityInterceptor@f837c11] 
2021:12:22 08:52:52.746 INFO  : org.springframework.web.servlet.mvc.method.annotation.RequestMappingHandlerAdapter : Looking for @ControllerAdvice: org.springframework.boot.context.embedded.AnnotationConfigEmbeddedWebApplicationContext@3ce1e309: startup date [Wed Dec 22 08:51:52 KST 2021]; root of context hierarchy 
2021:12:22 08:52:52.854 INFO  : org.springframework.web.servlet.mvc.method.annotation.ExceptionHandlerExceptionResolver : Detected @ExceptionHandler methods in repositoryRestExceptionHandler 
2021:12:22 08:52:53.494 INFO  : org.springframework.web.servlet.mvc.method.annotation.RequestMappingHandlerAdapter : Looking for @ControllerAdvice: org.springframework.boot.context.embedded.AnnotationConfigEmbeddedWebApplicationContext@3ce1e309: startup date [Wed Dec 22 08:51:52 KST 2021]; root of context hierarchy 
2021:12:22 08:52:54.061 INFO  : org.springframework.jmx.export.MBeanExporter : Registering beans for JMX exposure on startup 
2021:12:22 08:52:54.138 INFO  : org.snubi.auth.stat.service.implement.AuthLogRawServiceImplement : Host [DESKTOP-VJ7PMMN-172.20.117.113] 
2021:12:22 08:52:54.138 INFO  : org.apache.juli.logging.DirectJDKLog : Starting ProtocolHandler ["http-nio-19100"] 
2021:12:22 08:52:54.169 INFO  : org.apache.juli.logging.DirectJDKLog : Using a shared selector for servlet write/read 
2021:12:22 08:52:54.232 INFO  : org.springframework.boot.context.embedded.tomcat.TomcatEmbeddedServletContainer : Tomcat started on port(s): 19100 (http) 
2021:12:22 08:52:54.247 INFO  : org.springframework.boot.StartupInfoLogger : Started AuthApplication in 62.247 seconds (JVM running for 64.844) 
2021:12:22 08:53:31.477 INFO  : org.springframework.boot.admin.SpringApplicationAdminMXBeanRegistrar$SpringApplicationAdmin : Application shutdown requested. 
2021:12:22 08:53:31.484 INFO  : org.springframework.context.support.AbstractApplicationContext : Closing org.springframework.boot.context.embedded.AnnotationConfigEmbeddedWebApplicationContext@3ce1e309: startup date [Wed Dec 22 08:51:52 KST 2021]; root of context hierarchy 
2021:12:22 08:53:31.486 INFO  : org.springframework.jmx.export.MBeanExporter : Unregistering JMX-exposed beans on shutdown 
2021:12:22 08:53:31.489 INFO  : org.springframework.orm.jpa.AbstractEntityManagerFactoryBean : Closing JPA EntityManagerFactory for persistence unit 'default' 
